The system is: Linux - 5.0.0-25-generic - x86_64
Compiling the C compiler identification source file "CMakeCCompilerId.c" succeeded.
Compiler: /usr/bin/cc 
Build flags: 
Id flags:  

The output was:
0


Compilation of the C compiler identification source "CMakeCCompilerId.c" produced "a.out"

The C compiler identification is GNU, found in "/home/german/CarND-Path-Planning-Project/src/Eigen-3.3/build_dir/CMakeFiles/3.10.2/CompilerIdC/a.out"

Compiling the CXX compiler identification source file "CMakeCXXCompilerId.cpp" succeeded.
Compiler: /usr/bin/c++ 
Build flags: 
Id flags:  

The output was:
0


Compilation of the CXX compiler identification source "CMakeCXXCompilerId.cpp" produced "a.out"

The CXX compiler identification is GNU, found in "/home/german/CarND-Path-Planning-Project/src/Eigen-3.3/build_dir/CMakeFiles/3.10.2/CompilerIdCXX/a.out"

Determining if the C compiler works passed with the following output:
Change Dir: /home/german/CarND-Path-Planning-Project/src/Eigen-3.3/build_dir/CMakeFiles/CMakeTmp

Run Build Command:"/usr/bin/make" "cmTC_1ffca/fast"
/usr/bin/make -f CMakeFiles/cmTC_1ffca.dir/build.make CMakeFiles/cmTC_1ffca.dir/build
make[1]: Entering directory '/home/german/CarND-Path-Planning-Project/src/Eigen-3.3/build_dir/CMakeFiles/CMakeTmp'
Building C object CMakeFiles/cmTC_1ffca.dir/testCCompiler.c.o
/usr/bin/cc    -o CMakeFiles/cmTC_1ffca.dir/testCCompiler.c.o   -c /home/german/CarND-Path-Planning-Project/src/Eigen-3.3/build_dir/CMakeFiles/CMakeTmp/testCCompiler.c
Linking C executable cmTC_1ffca
/usr/bin/cmake -E cmake_link_script CMakeFiles/cmTC_1ffca.dir/link.txt --verbose=1
/usr/bin/cc      -rdynamic CMakeFiles/cmTC_1ffca.dir/testCCompiler.c.o  -o cmTC_1ffca 
make[1]: Leaving directory '/home/german/CarND-Path-Planning-Project/src/Eigen-3.3/build_dir/CMakeFiles/CMakeTmp'


Detecting C compiler ABI info compiled with the following output:
Change Dir: /home/german/CarND-Path-Planning-Project/src/Eigen-3.3/build_dir/CMakeFiles/CMakeTmp

Run Build Command:"/usr/bin/make" "cmTC_205dd/fast"
/usr/bin/make -f CMakeFiles/cmTC_205dd.dir/build.make CMakeFiles/cmTC_205dd.dir/build
make[1]: Entering directory '/home/german/CarND-Path-Planning-Project/src/Eigen-3.3/build_dir/CMakeFiles/CMakeTmp'
Building C object CMakeFiles/cmTC_205dd.dir/CMakeCCompilerABI.c.o
/usr/bin/cc    -o CMakeFiles/cmTC_205dd.dir/CMakeCCompilerABI.c.o   -c /usr/share/cmake-3.10/Modules/CMakeCCompilerABI.c
Linking C executable cmTC_205dd
/usr/bin/cmake -E cmake_link_script CMakeFiles/cmTC_205dd.dir/link.txt --verbose=1
/usr/bin/cc     -v -rdynamic CMakeFiles/cmTC_205dd.dir/CMakeCCompilerABI.c.o  -o cmTC_205dd 
Using built-in specs.
COLLECT_GCC=/usr/bin/cc
COLLECT_LTO_WRAPPER=/usr/lib/gcc/x86_64-linux-gnu/7/lto-wrapper
OFFLOAD_TARGET_NAMES=nvptx-none
OFFLOAD_TARGET_DEFAULT=1
Target: x86_64-linux-gnu
Configured with: ../src/configure -v --with-pkgversion='Ubuntu 7.4.0-1ubuntu1~18.04.1' --with-bugurl=file:///usr/share/doc/gcc-7/README.Bugs --enable-languages=c,ada,c++,go,brig,d,fortran,objc,obj-c++ --prefix=/usr --with-gcc-major-version-only --program-suffix=-7 --program-prefix=x86_64-linux-gnu- --enable-shared --enable-linker-build-id --libexecdir=/usr/lib --without-included-gettext --enable-threads=posix --libdir=/usr/lib --enable-nls --with-sysroot=/ --enable-clocale=gnu --enable-libstdcxx-debug --enable-libstdcxx-time=yes --with-default-libstdcxx-abi=new --enable-gnu-unique-object --disable-vtable-verify --enable-libmpx --enable-plugin --enable-default-pie --with-system-zlib --with-target-system-zlib --enable-objc-gc=auto --enable-multiarch --disable-werror --with-arch-32=i686 --with-abi=m64 --with-multilib-list=m32,m64,mx32 --enable-multilib --with-tune=generic --enable-offload-targets=nvptx-none --without-cuda-driver --enable-checking=release --build=x86_64-linux-gnu --host=x86_64-linux-gnu --target=x86_64-linux-gnu
Thread model: posix
gcc version 7.4.0 (Ubuntu 7.4.0-1ubuntu1~18.04.1) 
COMPILER_PATH=/usr/lib/gcc/x86_64-linux-gnu/7/:/usr/lib/gcc/x86_64-linux-gnu/7/:/usr/lib/gcc/x86_64-linux-gnu/:/usr/lib/gcc/x86_64-linux-gnu/7/:/usr/lib/gcc/x86_64-linux-gnu/
LIBRARY_PATH=/usr/lib/gcc/x86_64-linux-gnu/7/:/usr/lib/gcc/x86_64-linux-gnu/7/../../../x86_64-linux-gnu/:/usr/lib/gcc/x86_64-linux-gnu/7/../../../../lib/:/lib/x86_64-linux-gnu/:/lib/../lib/:/usr/lib/x86_64-linux-gnu/:/usr/lib/../lib/:/usr/lib/gcc/x86_64-linux-gnu/7/../../../:/lib/:/usr/lib/
COLLECT_GCC_OPTIONS='-v' '-rdynamic' '-o' 'cmTC_205dd' '-mtune=generic' '-march=x86-64'
 /usr/lib/gcc/x86_64-linux-gnu/7/collect2 -plugin /usr/lib/gcc/x86_64-linux-gnu/7/liblto_plugin.so -plugin-opt=/usr/lib/gcc/x86_64-linux-gnu/7/lto-wrapper -plugin-opt=-fresolution=/tmp/ccr82JYV.res -plugin-opt=-pass-through=-lgcc -plugin-opt=-pass-through=-lgcc_s -plugin-opt=-pass-through=-lc -plugin-opt=-pass-through=-lgcc -plugin-opt=-pass-through=-lgcc_s --sysroot=/ --build-id --eh-frame-hdr -m elf_x86_64 --hash-style=gnu --as-needed -export-dynamic -dynamic-linker /lib64/ld-linux-x86-64.so.2 -pie -z now -z relro -o cmTC_205dd /usr/lib/gcc/x86_64-linux-gnu/7/../../../x86_64-linux-gnu/Scrt1.o /usr/lib/gcc/x86_64-linux-gnu/7/../../../x86_64-linux-gnu/crti.o /usr/lib/gcc/x86_64-linux-gnu/7/crtbeginS.o -L/usr/lib/gcc/x86_64-linux-gnu/7 -L/usr/lib/gcc/x86_64-linux-gnu/7/../../../x86_64-linux-gnu -L/usr/lib/gcc/x86_64-linux-gnu/7/../../../../lib -L/lib/x86_64-linux-gnu -L/lib/../lib -L/usr/lib/x86_64-linux-gnu -L/usr/lib/../lib -L/usr/lib/gcc/x86_64-linux-gnu/7/../../.. CMakeFiles/cmTC_205dd.dir/CMakeCCompilerABI.c.o -lgcc --push-state --as-needed -lgcc_s --pop-state -lc -lgcc --push-state --as-needed -lgcc_s --pop-state /usr/lib/gcc/x86_64-linux-gnu/7/crtendS.o /usr/lib/gcc/x86_64-linux-gnu/7/../../../x86_64-linux-gnu/crtn.o
COLLECT_GCC_OPTIONS='-v' '-rdynamic' '-o' 'cmTC_205dd' '-mtune=generic' '-march=x86-64'
make[1]: Leaving directory '/home/german/CarND-Path-Planning-Project/src/Eigen-3.3/build_dir/CMakeFiles/CMakeTmp'


Parsed C implicit link information from above output:
  link line regex: [^( *|.*[/\])(ld|CMAKE_LINK_STARTFILE-NOTFOUND|([^/\]+-)?ld|collect2)[^/\]*( |$)]
  ignore line: [Change Dir: /home/german/CarND-Path-Planning-Project/src/Eigen-3.3/build_dir/CMakeFiles/CMakeTmp]
  ignore line: []
  ignore line: [Run Build Command:"/usr/bin/make" "cmTC_205dd/fast"]
  ignore line: [/usr/bin/make -f CMakeFiles/cmTC_205dd.dir/build.make CMakeFiles/cmTC_205dd.dir/build]
  ignore line: [make[1]: Entering directory '/home/german/CarND-Path-Planning-Project/src/Eigen-3.3/build_dir/CMakeFiles/CMakeTmp']
  ignore line: [Building C object CMakeFiles/cmTC_205dd.dir/CMakeCCompilerABI.c.o]
  ignore line: [/usr/bin/cc    -o CMakeFiles/cmTC_205dd.dir/CMakeCCompilerABI.c.o   -c /usr/share/cmake-3.10/Modules/CMakeCCompilerABI.c]
  ignore line: [Linking C executable cmTC_205dd]
  ignore line: [/usr/bin/cmake -E cmake_link_script CMakeFiles/cmTC_205dd.dir/link.txt --verbose=1]
  ignore line: [/usr/bin/cc     -v -rdynamic CMakeFiles/cmTC_205dd.dir/CMakeCCompilerABI.c.o  -o cmTC_205dd ]
  ignore line: [Using built-in specs.]
  ignore line: [COLLECT_GCC=/usr/bin/cc]
  ignore line: [COLLECT_LTO_WRAPPER=/usr/lib/gcc/x86_64-linux-gnu/7/lto-wrapper]
  ignore line: [OFFLOAD_TARGET_NAMES=nvptx-none]
  ignore line: [OFFLOAD_TARGET_DEFAULT=1]
  ignore line: [Target: x86_64-linux-gnu]
  ignore line: [Configured with: ../src/configure -v --with-pkgversion='Ubuntu 7.4.0-1ubuntu1~18.04.1' --with-bugurl=file:///usr/share/doc/gcc-7/README.Bugs --enable-languages=c,ada,c++,go,brig,d,fortran,objc,obj-c++ --prefix=/usr --with-gcc-major-version-only --program-suffix=-7 --program-prefix=x86_64-linux-gnu- --enable-shared --enable-linker-build-id --libexecdir=/usr/lib --without-included-gettext --enable-threads=posix --libdir=/usr/lib --enable-nls --with-sysroot=/ --enable-clocale=gnu --enable-libstdcxx-debug --enable-libstdcxx-time=yes --with-default-libstdcxx-abi=new --enable-gnu-unique-object --disable-vtable-verify --enable-libmpx --enable-plugin --enable-default-pie --with-system-zlib --with-target-system-zlib --enable-objc-gc=auto --enable-multiarch --disable-werror --with-arch-32=i686 --with-abi=m64 --with-multilib-list=m32,m64,mx32 --enable-multilib --with-tune=generic --enable-offload-targets=nvptx-none --without-cuda-driver --enable-checking=release --build=x86_64-linux-gnu --host=x86_64-linux-gnu --target=x86_64-linux-gnu]
  ignore line: [Thread model: posix]
  ignore line: [gcc version 7.4.0 (Ubuntu 7.4.0-1ubuntu1~18.04.1) ]
  ignore line: [COMPILER_PATH=/usr/lib/gcc/x86_64-linux-gnu/7/:/usr/lib/gcc/x86_64-linux-gnu/7/:/usr/lib/gcc/x86_64-linux-gnu/:/usr/lib/gcc/x86_64-linux-gnu/7/:/usr/lib/gcc/x86_64-linux-gnu/]
  ignore line: [LIBRARY_PATH=/usr/lib/gcc/x86_64-linux-gnu/7/:/usr/lib/gcc/x86_64-linux-gnu/7/../../../x86_64-linux-gnu/:/usr/lib/gcc/x86_64-linux-gnu/7/../../../../lib/:/lib/x86_64-linux-gnu/:/lib/../lib/:/usr/lib/x86_64-linux-gnu/:/usr/lib/../lib/:/usr/lib/gcc/x86_64-linux-gnu/7/../../../:/lib/:/usr/lib/]
  ignore line: [COLLECT_GCC_OPTIONS='-v' '-rdynamic' '-o' 'cmTC_205dd' '-mtune=generic' '-march=x86-64']
  link line: [ /usr/lib/gcc/x86_64-linux-gnu/7/collect2 -plugin /usr/lib/gcc/x86_64-linux-gnu/7/liblto_plugin.so -plugin-opt=/usr/lib/gcc/x86_64-linux-gnu/7/lto-wrapper -plugin-opt=-fresolution=/tmp/ccr82JYV.res -plugin-opt=-pass-through=-lgcc -plugin-opt=-pass-through=-lgcc_s -plugin-opt=-pass-through=-lc -plugin-opt=-pass-through=-lgcc -plugin-opt=-pass-through=-lgcc_s --sysroot=/ --build-id --eh-frame-hdr -m elf_x86_64 --hash-style=gnu --as-needed -export-dynamic -dynamic-linker /lib64/ld-linux-x86-64.so.2 -pie -z now -z relro -o cmTC_205dd /usr/lib/gcc/x86_64-linux-gnu/7/../../../x86_64-linux-gnu/Scrt1.o /usr/lib/gcc/x86_64-linux-gnu/7/../../../x86_64-linux-gnu/crti.o /usr/lib/gcc/x86_64-linux-gnu/7/crtbeginS.o -L/usr/lib/gcc/x86_64-linux-gnu/7 -L/usr/lib/gcc/x86_64-linux-gnu/7/../../../x86_64-linux-gnu -L/usr/lib/gcc/x86_64-linux-gnu/7/../../../../lib -L/lib/x86_64-linux-gnu -L/lib/../lib -L/usr/lib/x86_64-linux-gnu -L/usr/lib/../lib -L/usr/lib/gcc/x86_64-linux-gnu/7/../../.. CMakeFiles/cmTC_205dd.dir/CMakeCCompilerABI.c.o -lgcc --push-state --as-needed -lgcc_s --pop-state -lc -lgcc --push-state --as-needed -lgcc_s --pop-state /usr/lib/gcc/x86_64-linux-gnu/7/crtendS.o /usr/lib/gcc/x86_64-linux-gnu/7/../../../x86_64-linux-gnu/crtn.o]
    arg [/usr/lib/gcc/x86_64-linux-gnu/7/collect2] ==> ignore
    arg [-plugin] ==> ignore
    arg [/usr/lib/gcc/x86_64-linux-gnu/7/liblto_plugin.so] ==> ignore
    arg [-plugin-opt=/usr/lib/gcc/x86_64-linux-gnu/7/lto-wrapper] ==> ignore
    arg [-plugin-opt=-fresolution=/tmp/ccr82JYV.res] ==> ignore
    arg [-plugin-opt=-pass-through=-lgcc] ==> ignore
    arg [-plugin-opt=-pass-through=-lgcc_s] ==> ignore
    arg [-plugin-opt=-pass-through=-lc] ==> ignore
    arg [-plugin-opt=-pass-through=-lgcc] ==> ignore
    arg [-plugin-opt=-pass-through=-lgcc_s] ==> ignore
    arg [--sysroot=/] ==> ignore
    arg [--build-id] ==> ignore
    arg [--eh-frame-hdr] ==> ignore
    arg [-m] ==> ignore
    arg [elf_x86_64] ==> ignore
    arg [--hash-style=gnu] ==> ignore
    arg [--as-needed] ==> ignore
    arg [-export-dynamic] ==> ignore
    arg [-dynamic-linker] ==> ignore
    arg [/lib64/ld-linux-x86-64.so.2] ==> ignore
    arg [-pie] ==> ignore
    arg [-znow] ==> ignore
    arg [-zrelro] ==> ignore
    arg [-o] ==> ignore
    arg [cmTC_205dd] ==> ignore
    arg [/usr/lib/gcc/x86_64-linux-gnu/7/../../../x86_64-linux-gnu/Scrt1.o] ==> ignore
    arg [/usr/lib/gcc/x86_64-linux-gnu/7/../../../x86_64-linux-gnu/crti.o] ==> ignore
    arg [/usr/lib/gcc/x86_64-linux-gnu/7/crtbeginS.o] ==> ignore
    arg [-L/usr/lib/gcc/x86_64-linux-gnu/7] ==> dir [/usr/lib/gcc/x86_64-linux-gnu/7]
    arg [-L/usr/lib/gcc/x86_64-linux-gnu/7/../../../x86_64-linux-gnu] ==> dir [/usr/lib/gcc/x86_64-linux-gnu/7/../../../x86_64-linux-gnu]
    arg [-L/usr/lib/gcc/x86_64-linux-gnu/7/../../../../lib] ==> dir [/usr/lib/gcc/x86_64-linux-gnu/7/../../../../lib]
    arg [-L/lib/x86_64-linux-gnu] ==> dir [/lib/x86_64-linux-gnu]
    arg [-L/lib/../lib] ==> dir [/lib/../lib]
    arg [-L/usr/lib/x86_64-linux-gnu] ==> dir [/usr/lib/x86_64-linux-gnu]
    arg [-L/usr/lib/../lib] ==> dir [/usr/lib/../lib]
    arg [-L/usr/lib/gcc/x86_64-linux-gnu/7/../../..] ==> dir [/usr/lib/gcc/x86_64-linux-gnu/7/../../..]
    arg [CMakeFiles/cmTC_205dd.dir/CMakeCCompilerABI.c.o] ==> ignore
    arg [-lgcc] ==> lib [gcc]
    arg [--push-state] ==> ignore
    arg [--as-needed] ==> ignore
    arg [-lgcc_s] ==> lib [gcc_s]
    arg [--pop-state] ==> ignore
    arg [-lc] ==> lib [c]
    arg [-lgcc] ==> lib [gcc]
    arg [--push-state] ==> ignore
    arg [--as-needed] ==> ignore
    arg [-lgcc_s] ==> lib [gcc_s]
    arg [--pop-state] ==> ignore
    arg [/usr/lib/gcc/x86_64-linux-gnu/7/crtendS.o] ==> ignore
    arg [/usr/lib/gcc/x86_64-linux-gnu/7/../../../x86_64-linux-gnu/crtn.o] ==> ignore
  collapse library dir [/usr/lib/gcc/x86_64-linux-gnu/7] ==> [/usr/lib/gcc/x86_64-linux-gnu/7]
  collapse library dir [/usr/lib/gcc/x86_64-linux-gnu/7/../../../x86_64-linux-gnu] ==> [/usr/lib/x86_64-linux-gnu]
  collapse library dir [/usr/lib/gcc/x86_64-linux-gnu/7/../../../../lib] ==> [/usr/lib]
  collapse library dir [/lib/x86_64-linux-gnu] ==> [/lib/x86_64-linux-gnu]
  collapse library dir [/lib/../lib] ==> [/lib]
  collapse library dir [/usr/lib/x86_64-linux-gnu] ==> [/usr/lib/x86_64-linux-gnu]
  collapse library dir [/usr/lib/../lib] ==> [/usr/lib]
  collapse library dir [/usr/lib/gcc/x86_64-linux-gnu/7/../../..] ==> [/usr/lib]
  implicit libs: [gcc;gcc_s;c;gcc;gcc_s]
  implicit dirs: [/usr/lib/gcc/x86_64-linux-gnu/7;/usr/lib/x86_64-linux-gnu;/usr/lib;/lib/x86_64-linux-gnu;/lib]
  implicit fwks: []




Detecting C [-std=c11] compiler features compiled with the following output:
Change Dir: /home/german/CarND-Path-Planning-Project/src/Eigen-3.3/build_dir/CMakeFiles/CMakeTmp

Run Build Command:"/usr/bin/make" "cmTC_eeaf9/fast"
/usr/bin/make -f CMakeFiles/cmTC_eeaf9.dir/build.make CMakeFiles/cmTC_eeaf9.dir/build
make[1]: Entering directory '/home/german/CarND-Path-Planning-Project/src/Eigen-3.3/build_dir/CMakeFiles/CMakeTmp'
Building C object CMakeFiles/cmTC_eeaf9.dir/feature_tests.c.o
/usr/bin/cc   -std=c11 -o CMakeFiles/cmTC_eeaf9.dir/feature_tests.c.o   -c /home/german/CarND-Path-Planning-Project/src/Eigen-3.3/build_dir/CMakeFiles/feature_tests.c
Linking C executable cmTC_eeaf9
/usr/bin/cmake -E cmake_link_script CMakeFiles/cmTC_eeaf9.dir/link.txt --verbose=1
/usr/bin/cc      -rdynamic CMakeFiles/cmTC_eeaf9.dir/feature_tests.c.o  -o cmTC_eeaf9 
make[1]: Leaving directory '/home/german/CarND-Path-Planning-Project/src/Eigen-3.3/build_dir/CMakeFiles/CMakeTmp'


    Feature record: C_FEATURE:1c_function_prototypes
    Feature record: C_FEATURE:1c_restrict
    Feature record: C_FEATURE:1c_static_assert
    Feature record: C_FEATURE:1c_variadic_macros


Detecting C [-std=c99] compiler features compiled with the following output:
Change Dir: /home/german/CarND-Path-Planning-Project/src/Eigen-3.3/build_dir/CMakeFiles/CMakeTmp

Run Build Command:"/usr/bin/make" "cmTC_e8040/fast"
/usr/bin/make -f CMakeFiles/cmTC_e8040.dir/build.make CMakeFiles/cmTC_e8040.dir/build
make[1]: Entering directory '/home/german/CarND-Path-Planning-Project/src/Eigen-3.3/build_dir/CMakeFiles/CMakeTmp'
Building C object CMakeFiles/cmTC_e8040.dir/feature_tests.c.o
/usr/bin/cc   -std=c99 -o CMakeFiles/cmTC_e8040.dir/feature_tests.c.o   -c /home/german/CarND-Path-Planning-Project/src/Eigen-3.3/build_dir/CMakeFiles/feature_tests.c
Linking C executable cmTC_e8040
/usr/bin/cmake -E cmake_link_script CMakeFiles/cmTC_e8040.dir/link.txt --verbose=1
/usr/bin/cc      -rdynamic CMakeFiles/cmTC_e8040.dir/feature_tests.c.o  -o cmTC_e8040 
make[1]: Leaving directory '/home/german/CarND-Path-Planning-Project/src/Eigen-3.3/build_dir/CMakeFiles/CMakeTmp'


    Feature record: C_FEATURE:1c_function_prototypes
    Feature record: C_FEATURE:1c_restrict
    Feature record: C_FEATURE:0c_static_assert
    Feature record: C_FEATURE:1c_variadic_macros


Detecting C [-std=c90] compiler features compiled with the following output:
Change Dir: /home/german/CarND-Path-Planning-Project/src/Eigen-3.3/build_dir/CMakeFiles/CMakeTmp

Run Build Command:"/usr/bin/make" "cmTC_648a3/fast"
/usr/bin/make -f CMakeFiles/cmTC_648a3.dir/build.make CMakeFiles/cmTC_648a3.dir/build
make[1]: Entering directory '/home/german/CarND-Path-Planning-Project/src/Eigen-3.3/build_dir/CMakeFiles/CMakeTmp'
Building C object CMakeFiles/cmTC_648a3.dir/feature_tests.c.o
/usr/bin/cc   -std=c90 -o CMakeFiles/cmTC_648a3.dir/feature_tests.c.o   -c /home/german/CarND-Path-Planning-Project/src/Eigen-3.3/build_dir/CMakeFiles/feature_tests.c
Linking C executable cmTC_648a3
/usr/bin/cmake -E cmake_link_script CMakeFiles/cmTC_648a3.dir/link.txt --verbose=1
/usr/bin/cc      -rdynamic CMakeFiles/cmTC_648a3.dir/feature_tests.c.o  -o cmTC_648a3 
make[1]: Leaving directory '/home/german/CarND-Path-Planning-Project/src/Eigen-3.3/build_dir/CMakeFiles/CMakeTmp'


    Feature record: C_FEATURE:1c_function_prototypes
    Feature record: C_FEATURE:0c_restrict
    Feature record: C_FEATURE:0c_static_assert
    Feature record: C_FEATURE:0c_variadic_macros
Determining if the CXX compiler works passed with the following output:
Change Dir: /home/german/CarND-Path-Planning-Project/src/Eigen-3.3/build_dir/CMakeFiles/CMakeTmp

Run Build Command:"/usr/bin/make" "cmTC_4fe6f/fast"
/usr/bin/make -f CMakeFiles/cmTC_4fe6f.dir/build.make CMakeFiles/cmTC_4fe6f.dir/build
make[1]: Entering directory '/home/german/CarND-Path-Planning-Project/src/Eigen-3.3/build_dir/CMakeFiles/CMakeTmp'
Building CXX object CMakeFiles/cmTC_4fe6f.dir/testCXXCompiler.cxx.o
/usr/bin/c++     -o CMakeFiles/cmTC_4fe6f.dir/testCXXCompiler.cxx.o -c /home/german/CarND-Path-Planning-Project/src/Eigen-3.3/build_dir/CMakeFiles/CMakeTmp/testCXXCompiler.cxx
Linking CXX executable cmTC_4fe6f
/usr/bin/cmake -E cmake_link_script CMakeFiles/cmTC_4fe6f.dir/link.txt --verbose=1
/usr/bin/c++       -rdynamic CMakeFiles/cmTC_4fe6f.dir/testCXXCompiler.cxx.o  -o cmTC_4fe6f 
make[1]: Leaving directory '/home/german/CarND-Path-Planning-Project/src/Eigen-3.3/build_dir/CMakeFiles/CMakeTmp'


Detecting CXX compiler ABI info compiled with the following output:
Change Dir: /home/german/CarND-Path-Planning-Project/src/Eigen-3.3/build_dir/CMakeFiles/CMakeTmp

Run Build Command:"/usr/bin/make" "cmTC_89e5b/fast"
/usr/bin/make -f CMakeFiles/cmTC_89e5b.dir/build.make CMakeFiles/cmTC_89e5b.dir/build
make[1]: Entering directory '/home/german/CarND-Path-Planning-Project/src/Eigen-3.3/build_dir/CMakeFiles/CMakeTmp'
Building CXX object CMakeFiles/cmTC_89e5b.dir/CMakeCXXCompilerABI.cpp.o
/usr/bin/c++     -o CMakeFiles/cmTC_89e5b.dir/CMakeCXXCompilerABI.cpp.o -c /usr/share/cmake-3.10/Modules/CMakeCXXCompilerABI.cpp
Linking CXX executable cmTC_89e5b
/usr/bin/cmake -E cmake_link_script CMakeFiles/cmTC_89e5b.dir/link.txt --verbose=1
/usr/bin/c++      -v -rdynamic CMakeFiles/cmTC_89e5b.dir/CMakeCXXCompilerABI.cpp.o  -o cmTC_89e5b 
Using built-in specs.
COLLECT_GCC=/usr/bin/c++
COLLECT_LTO_WRAPPER=/usr/lib/gcc/x86_64-linux-gnu/7/lto-wrapper
OFFLOAD_TARGET_NAMES=nvptx-none
OFFLOAD_TARGET_DEFAULT=1
Target: x86_64-linux-gnu
Configured with: ../src/configure -v --with-pkgversion='Ubuntu 7.4.0-1ubuntu1~18.04.1' --with-bugurl=file:///usr/share/doc/gcc-7/README.Bugs --enable-languages=c,ada,c++,go,brig,d,fortran,objc,obj-c++ --prefix=/usr --with-gcc-major-version-only --program-suffix=-7 --program-prefix=x86_64-linux-gnu- --enable-shared --enable-linker-build-id --libexecdir=/usr/lib --without-included-gettext --enable-threads=posix --libdir=/usr/lib --enable-nls --with-sysroot=/ --enable-clocale=gnu --enable-libstdcxx-debug --enable-libstdcxx-time=yes --with-default-libstdcxx-abi=new --enable-gnu-unique-object --disable-vtable-verify --enable-libmpx --enable-plugin --enable-default-pie --with-system-zlib --with-target-system-zlib --enable-objc-gc=auto --enable-multiarch --disable-werror --with-arch-32=i686 --with-abi=m64 --with-multilib-list=m32,m64,mx32 --enable-multilib --with-tune=generic --enable-offload-targets=nvptx-none --without-cuda-driver --enable-checking=release --build=x86_64-linux-gnu --host=x86_64-linux-gnu --target=x86_64-linux-gnu
Thread model: posix
gcc version 7.4.0 (Ubuntu 7.4.0-1ubuntu1~18.04.1) 
COMPILER_PATH=/usr/lib/gcc/x86_64-linux-gnu/7/:/usr/lib/gcc/x86_64-linux-gnu/7/:/usr/lib/gcc/x86_64-linux-gnu/:/usr/lib/gcc/x86_64-linux-gnu/7/:/usr/lib/gcc/x86_64-linux-gnu/
LIBRARY_PATH=/usr/lib/gcc/x86_64-linux-gnu/7/:/usr/lib/gcc/x86_64-linux-gnu/7/../../../x86_64-linux-gnu/:/usr/lib/gcc/x86_64-linux-gnu/7/../../../../lib/:/lib/x86_64-linux-gnu/:/lib/../lib/:/usr/lib/x86_64-linux-gnu/:/usr/lib/../lib/:/usr/lib/gcc/x86_64-linux-gnu/7/../../../:/lib/:/usr/lib/
COLLECT_GCC_OPTIONS='-v' '-rdynamic' '-o' 'cmTC_89e5b' '-shared-libgcc' '-mtune=generic' '-march=x86-64'
 /usr/lib/gcc/x86_64-linux-gnu/7/collect2 -plugin /usr/lib/gcc/x86_64-linux-gnu/7/liblto_plugin.so -plugin-opt=/usr/lib/gcc/x86_64-linux-gnu/7/lto-wrapper -plugin-opt=-fresolution=/tmp/cccrm85w.res -plugin-opt=-pass-through=-lgcc_s -plugin-opt=-pass-through=-lgcc -plugin-opt=-pass-through=-lc -plugin-opt=-pass-through=-lgcc_s -plugin-opt=-pass-through=-lgcc --sysroot=/ --build-id --eh-frame-hdr -m elf_x86_64 --hash-style=gnu --as-needed -export-dynamic -dynamic-linker /lib64/ld-linux-x86-64.so.2 -pie -z now -z relro -o cmTC_89e5b /usr/lib/gcc/x86_64-linux-gnu/7/../../../x86_64-linux-gnu/Scrt1.o /usr/lib/gcc/x86_64-linux-gnu/7/../../../x86_64-linux-gnu/crti.o /usr/lib/gcc/x86_64-linux-gnu/7/crtbeginS.o -L/usr/lib/gcc/x86_64-linux-gnu/7 -L/usr/lib/gcc/x86_64-linux-gnu/7/../../../x86_64-linux-gnu -L/usr/lib/gcc/x86_64-linux-gnu/7/../../../../lib -L/lib/x86_64-linux-gnu -L/lib/../lib -L/usr/lib/x86_64-linux-gnu -L/usr/lib/../lib -L/usr/lib/gcc/x86_64-linux-gnu/7/../../.. CMakeFiles/cmTC_89e5b.dir/CMakeCXXCompilerABI.cpp.o -lstdc++ -lm -lgcc_s -lgcc -lc -lgcc_s -lgcc /usr/lib/gcc/x86_64-linux-gnu/7/crtendS.o /usr/lib/gcc/x86_64-linux-gnu/7/../../../x86_64-linux-gnu/crtn.o
COLLECT_GCC_OPTIONS='-v' '-rdynamic' '-o' 'cmTC_89e5b' '-shared-libgcc' '-mtune=generic' '-march=x86-64'
make[1]: Leaving directory '/home/german/CarND-Path-Planning-Project/src/Eigen-3.3/build_dir/CMakeFiles/CMakeTmp'


Parsed CXX implicit link information from above output:
  link line regex: [^( *|.*[/\])(ld|CMAKE_LINK_STARTFILE-NOTFOUND|([^/\]+-)?ld|collect2)[^/\]*( |$)]
  ignore line: [Change Dir: /home/german/CarND-Path-Planning-Project/src/Eigen-3.3/build_dir/CMakeFiles/CMakeTmp]
  ignore line: []
  ignore line: [Run Build Command:"/usr/bin/make" "cmTC_89e5b/fast"]
  ignore line: [/usr/bin/make -f CMakeFiles/cmTC_89e5b.dir/build.make CMakeFiles/cmTC_89e5b.dir/build]
  ignore line: [make[1]: Entering directory '/home/german/CarND-Path-Planning-Project/src/Eigen-3.3/build_dir/CMakeFiles/CMakeTmp']
  ignore line: [Building CXX object CMakeFiles/cmTC_89e5b.dir/CMakeCXXCompilerABI.cpp.o]
  ignore line: [/usr/bin/c++     -o CMakeFiles/cmTC_89e5b.dir/CMakeCXXCompilerABI.cpp.o -c /usr/share/cmake-3.10/Modules/CMakeCXXCompilerABI.cpp]
  ignore line: [Linking CXX executable cmTC_89e5b]
  ignore line: [/usr/bin/cmake -E cmake_link_script CMakeFiles/cmTC_89e5b.dir/link.txt --verbose=1]
  ignore line: [/usr/bin/c++      -v -rdynamic CMakeFiles/cmTC_89e5b.dir/CMakeCXXCompilerABI.cpp.o  -o cmTC_89e5b ]
  ignore line: [Using built-in specs.]
  ignore line: [COLLECT_GCC=/usr/bin/c++]
  ignore line: [COLLECT_LTO_WRAPPER=/usr/lib/gcc/x86_64-linux-gnu/7/lto-wrapper]
  ignore line: [OFFLOAD_TARGET_NAMES=nvptx-none]
  ignore line: [OFFLOAD_TARGET_DEFAULT=1]
  ignore line: [Target: x86_64-linux-gnu]
  ignore line: [Configured with: ../src/configure -v --with-pkgversion='Ubuntu 7.4.0-1ubuntu1~18.04.1' --with-bugurl=file:///usr/share/doc/gcc-7/README.Bugs --enable-languages=c,ada,c++,go,brig,d,fortran,objc,obj-c++ --prefix=/usr --with-gcc-major-version-only --program-suffix=-7 --program-prefix=x86_64-linux-gnu- --enable-shared --enable-linker-build-id --libexecdir=/usr/lib --without-included-gettext --enable-threads=posix --libdir=/usr/lib --enable-nls --with-sysroot=/ --enable-clocale=gnu --enable-libstdcxx-debug --enable-libstdcxx-time=yes --with-default-libstdcxx-abi=new --enable-gnu-unique-object --disable-vtable-verify --enable-libmpx --enable-plugin --enable-default-pie --with-system-zlib --with-target-system-zlib --enable-objc-gc=auto --enable-multiarch --disable-werror --with-arch-32=i686 --with-abi=m64 --with-multilib-list=m32,m64,mx32 --enable-multilib --with-tune=generic --enable-offload-targets=nvptx-none --without-cuda-driver --enable-checking=release --build=x86_64-linux-gnu --host=x86_64-linux-gnu --target=x86_64-linux-gnu]
  ignore line: [Thread model: posix]
  ignore line: [gcc version 7.4.0 (Ubuntu 7.4.0-1ubuntu1~18.04.1) ]
  ignore line: [COMPILER_PATH=/usr/lib/gcc/x86_64-linux-gnu/7/:/usr/lib/gcc/x86_64-linux-gnu/7/:/usr/lib/gcc/x86_64-linux-gnu/:/usr/lib/gcc/x86_64-linux-gnu/7/:/usr/lib/gcc/x86_64-linux-gnu/]
  ignore line: [LIBRARY_PATH=/usr/lib/gcc/x86_64-linux-gnu/7/:/usr/lib/gcc/x86_64-linux-gnu/7/../../../x86_64-linux-gnu/:/usr/lib/gcc/x86_64-linux-gnu/7/../../../../lib/:/lib/x86_64-linux-gnu/:/lib/../lib/:/usr/lib/x86_64-linux-gnu/:/usr/lib/../lib/:/usr/lib/gcc/x86_64-linux-gnu/7/../../../:/lib/:/usr/lib/]
  ignore line: [COLLECT_GCC_OPTIONS='-v' '-rdynamic' '-o' 'cmTC_89e5b' '-shared-libgcc' '-mtune=generic' '-march=x86-64']
  link line: [ /usr/lib/gcc/x86_64-linux-gnu/7/collect2 -plugin /usr/lib/gcc/x86_64-linux-gnu/7/liblto_plugin.so -plugin-opt=/usr/lib/gcc/x86_64-linux-gnu/7/lto-wrapper -plugin-opt=-fresolution=/tmp/cccrm85w.res -plugin-opt=-pass-through=-lgcc_s -plugin-opt=-pass-through=-lgcc -plugin-opt=-pass-through=-lc -plugin-opt=-pass-through=-lgcc_s -plugin-opt=-pass-through=-lgcc --sysroot=/ --build-id --eh-frame-hdr -m elf_x86_64 --hash-style=gnu --as-needed -export-dynamic -dynamic-linker /lib64/ld-linux-x86-64.so.2 -pie -z now -z relro -o cmTC_89e5b /usr/lib/gcc/x86_64-linux-gnu/7/../../../x86_64-linux-gnu/Scrt1.o /usr/lib/gcc/x86_64-linux-gnu/7/../../../x86_64-linux-gnu/crti.o /usr/lib/gcc/x86_64-linux-gnu/7/crtbeginS.o -L/usr/lib/gcc/x86_64-linux-gnu/7 -L/usr/lib/gcc/x86_64-linux-gnu/7/../../../x86_64-linux-gnu -L/usr/lib/gcc/x86_64-linux-gnu/7/../../../../lib -L/lib/x86_64-linux-gnu -L/lib/../lib -L/usr/lib/x86_64-linux-gnu -L/usr/lib/../lib -L/usr/lib/gcc/x86_64-linux-gnu/7/../../.. CMakeFiles/cmTC_89e5b.dir/CMakeCXXCompilerABI.cpp.o -lstdc++ -lm -lgcc_s -lgcc -lc -lgcc_s -lgcc /usr/lib/gcc/x86_64-linux-gnu/7/crtendS.o /usr/lib/gcc/x86_64-linux-gnu/7/../../../x86_64-linux-gnu/crtn.o]
    arg [/usr/lib/gcc/x86_64-linux-gnu/7/collect2] ==> ignore
    arg [-plugin] ==> ignore
    arg [/usr/lib/gcc/x86_64-linux-gnu/7/liblto_plugin.so] ==> ignore
    arg [-plugin-opt=/usr/lib/gcc/x86_64-linux-gnu/7/lto-wrapper] ==> ignore
    arg [-plugin-opt=-fresolution=/tmp/cccrm85w.res] ==> ignore
    arg [-plugin-opt=-pass-through=-lgcc_s] ==> ignore
    arg [-plugin-opt=-pass-through=-lgcc] ==> ignore
    arg [-plugin-opt=-pass-through=-lc] ==> ignore
    arg [-plugin-opt=-pass-through=-lgcc_s] ==> ignore
    arg [-plugin-opt=-pass-through=-lgcc] ==> ignore
    arg [--sysroot=/] ==> ignore
    arg [--build-id] ==> ignore
    arg [--eh-frame-hdr] ==> ignore
    arg [-m] ==> ignore
    arg [elf_x86_64] ==> ignore
    arg [--hash-style=gnu] ==> ignore
    arg [--as-needed] ==> ignore
    arg [-export-dynamic] ==> ignore
    arg [-dynamic-linker] ==> ignore
    arg [/lib64/ld-linux-x86-64.so.2] ==> ignore
    arg [-pie] ==> ignore
    arg [-znow] ==> ignore
    arg [-zrelro] ==> ignore
    arg [-o] ==> ignore
    arg [cmTC_89e5b] ==> ignore
    arg [/usr/lib/gcc/x86_64-linux-gnu/7/../../../x86_64-linux-gnu/Scrt1.o] ==> ignore
    arg [/usr/lib/gcc/x86_64-linux-gnu/7/../../../x86_64-linux-gnu/crti.o] ==> ignore
    arg [/usr/lib/gcc/x86_64-linux-gnu/7/crtbeginS.o] ==> ignore
    arg [-L/usr/lib/gcc/x86_64-linux-gnu/7] ==> dir [/usr/lib/gcc/x86_64-linux-gnu/7]
    arg [-L/usr/lib/gcc/x86_64-linux-gnu/7/../../../x86_64-linux-gnu] ==> dir [/usr/lib/gcc/x86_64-linux-gnu/7/../../../x86_64-linux-gnu]
    arg [-L/usr/lib/gcc/x86_64-linux-gnu/7/../../../../lib] ==> dir [/usr/lib/gcc/x86_64-linux-gnu/7/../../../../lib]
    arg [-L/lib/x86_64-linux-gnu] ==> dir [/lib/x86_64-linux-gnu]
    arg [-L/lib/../lib] ==> dir [/lib/../lib]
    arg [-L/usr/lib/x86_64-linux-gnu] ==> dir [/usr/lib/x86_64-linux-gnu]
    arg [-L/usr/lib/../lib] ==> dir [/usr/lib/../lib]
    arg [-L/usr/lib/gcc/x86_64-linux-gnu/7/../../..] ==> dir [/usr/lib/gcc/x86_64-linux-gnu/7/../../..]
    arg [CMakeFiles/cmTC_89e5b.dir/CMakeCXXCompilerABI.cpp.o] ==> ignore
    arg [-lstdc++] ==> lib [stdc++]
    arg [-lm] ==> lib [m]
    arg [-lgcc_s] ==> lib [gcc_s]
    arg [-lgcc] ==> lib [gcc]
    arg [-lc] ==> lib [c]
    arg [-lgcc_s] ==> lib [gcc_s]
    arg [-lgcc] ==> lib [gcc]
    arg [/usr/lib/gcc/x86_64-linux-gnu/7/crtendS.o] ==> ignore
    arg [/usr/lib/gcc/x86_64-linux-gnu/7/../../../x86_64-linux-gnu/crtn.o] ==> ignore
  collapse library dir [/usr/lib/gcc/x86_64-linux-gnu/7] ==> [/usr/lib/gcc/x86_64-linux-gnu/7]
  collapse library dir [/usr/lib/gcc/x86_64-linux-gnu/7/../../../x86_64-linux-gnu] ==> [/usr/lib/x86_64-linux-gnu]
  collapse library dir [/usr/lib/gcc/x86_64-linux-gnu/7/../../../../lib] ==> [/usr/lib]
  collapse library dir [/lib/x86_64-linux-gnu] ==> [/lib/x86_64-linux-gnu]
  collapse library dir [/lib/../lib] ==> [/lib]
  collapse library dir [/usr/lib/x86_64-linux-gnu] ==> [/usr/lib/x86_64-linux-gnu]
  collapse library dir [/usr/lib/../lib] ==> [/usr/lib]
  collapse library dir [/usr/lib/gcc/x86_64-linux-gnu/7/../../..] ==> [/usr/lib]
  implicit libs: [stdc++;m;gcc_s;gcc;c;gcc_s;gcc]
  implicit dirs: [/usr/lib/gcc/x86_64-linux-gnu/7;/usr/lib/x86_64-linux-gnu;/usr/lib;/lib/x86_64-linux-gnu;/lib]
  implicit fwks: []




Detecting CXX [-std=c++1z] compiler features compiled with the following output:
Change Dir: /home/german/CarND-Path-Planning-Project/src/Eigen-3.3/build_dir/CMakeFiles/CMakeTmp

Run Build Command:"/usr/bin/make" "cmTC_92427/fast"
/usr/bin/make -f CMakeFiles/cmTC_92427.dir/build.make CMakeFiles/cmTC_92427.dir/build
make[1]: Entering directory '/home/german/CarND-Path-Planning-Project/src/Eigen-3.3/build_dir/CMakeFiles/CMakeTmp'
Building CXX object CMakeFiles/cmTC_92427.dir/feature_tests.cxx.o
/usr/bin/c++    -std=c++1z -o CMakeFiles/cmTC_92427.dir/feature_tests.cxx.o -c /home/german/CarND-Path-Planning-Project/src/Eigen-3.3/build_dir/CMakeFiles/feature_tests.cxx
Linking CXX executable cmTC_92427
/usr/bin/cmake -E cmake_link_script CMakeFiles/cmTC_92427.dir/link.txt --verbose=1
/usr/bin/c++       -rdynamic CMakeFiles/cmTC_92427.dir/feature_tests.cxx.o  -o cmTC_92427 
make[1]: Leaving directory '/home/german/CarND-Path-Planning-Project/src/Eigen-3.3/build_dir/CMakeFiles/CMakeTmp'


    Feature record: CXX_FEATURE:1cxx_aggregate_default_initializers
    Feature record: CXX_FEATURE:1cxx_alias_templates
    Feature record: CXX_FEATURE:1cxx_alignas
    Feature record: CXX_FEATURE:1cxx_alignof
    Feature record: CXX_FEATURE:1cxx_attributes
    Feature record: CXX_FEATURE:1cxx_attribute_deprecated
    Feature record: CXX_FEATURE:1cxx_auto_type
    Feature record: CXX_FEATURE:1cxx_binary_literals
    Feature record: CXX_FEATURE:1cxx_constexpr
    Feature record: CXX_FEATURE:1cxx_contextual_conversions
    Feature record: CXX_FEATURE:1cxx_decltype
    Feature record: CXX_FEATURE:1cxx_decltype_auto
    Feature record: CXX_FEATURE:1cxx_decltype_incomplete_return_types
    Feature record: CXX_FEATURE:1cxx_default_function_template_args
    Feature record: CXX_FEATURE:1cxx_defaulted_functions
    Feature record: CXX_FEATURE:1cxx_defaulted_move_initializers
    Feature record: CXX_FEATURE:1cxx_delegating_constructors
    Feature record: CXX_FEATURE:1cxx_deleted_functions
    Feature record: CXX_FEATURE:1cxx_digit_separators
    Feature record: CXX_FEATURE:1cxx_enum_forward_declarations
    Feature record: CXX_FEATURE:1cxx_explicit_conversions
    Feature record: CXX_FEATURE:1cxx_extended_friend_declarations
    Feature record: CXX_FEATURE:1cxx_extern_templates
    Feature record: CXX_FEATURE:1cxx_final
    Feature record: CXX_FEATURE:1cxx_func_identifier
    Feature record: CXX_FEATURE:1cxx_generalized_initializers
    Feature record: CXX_FEATURE:1cxx_generic_lambdas
    Feature record: CXX_FEATURE:1cxx_inheriting_constructors
    Feature record: CXX_FEATURE:1cxx_inline_namespaces
    Feature record: CXX_FEATURE:1cxx_lambdas
    Feature record: CXX_FEATURE:1cxx_lambda_init_captures
    Feature record: CXX_FEATURE:1cxx_local_type_template_args
    Feature record: CXX_FEATURE:1cxx_long_long_type
    Feature record: CXX_FEATURE:1cxx_noexcept
    Feature record: CXX_FEATURE:1cxx_nonstatic_member_init
    Feature record: CXX_FEATURE:1cxx_nullptr
    Feature record: CXX_FEATURE:1cxx_override
    Feature record: CXX_FEATURE:1cxx_range_for
    Feature record: CXX_FEATURE:1cxx_raw_string_literals
    Feature record: CXX_FEATURE:1cxx_reference_qualified_functions
    Feature record: CXX_FEATURE:1cxx_relaxed_constexpr
    Feature record: CXX_FEATURE:1cxx_return_type_deduction
    Feature record: CXX_FEATURE:1cxx_right_angle_brackets
    Feature record: CXX_FEATURE:1cxx_rvalue_references
    Feature record: CXX_FEATURE:1cxx_sizeof_member
    Feature record: CXX_FEATURE:1cxx_static_assert
    Feature record: CXX_FEATURE:1cxx_strong_enums
    Feature record: CXX_FEATURE:1cxx_template_template_parameters
    Feature record: CXX_FEATURE:1cxx_thread_local
    Feature record: CXX_FEATURE:1cxx_trailing_return_types
    Feature record: CXX_FEATURE:1cxx_unicode_literals
    Feature record: CXX_FEATURE:1cxx_uniform_initialization
    Feature record: CXX_FEATURE:1cxx_unrestricted_unions
    Feature record: CXX_FEATURE:1cxx_user_literals
    Feature record: CXX_FEATURE:1cxx_variable_templates
    Feature record: CXX_FEATURE:1cxx_variadic_macros
    Feature record: CXX_FEATURE:1cxx_variadic_templates


Detecting CXX [-std=c++14] compiler features compiled with the following output:
Change Dir: /home/german/CarND-Path-Planning-Project/src/Eigen-3.3/build_dir/CMakeFiles/CMakeTmp

Run Build Command:"/usr/bin/make" "cmTC_33f4c/fast"
/usr/bin/make -f CMakeFiles/cmTC_33f4c.dir/build.make CMakeFiles/cmTC_33f4c.dir/build
make[1]: Entering directory '/home/german/CarND-Path-Planning-Project/src/Eigen-3.3/build_dir/CMakeFiles/CMakeTmp'
Building CXX object CMakeFiles/cmTC_33f4c.dir/feature_tests.cxx.o
/usr/bin/c++    -std=c++14 -o CMakeFiles/cmTC_33f4c.dir/feature_tests.cxx.o -c /home/german/CarND-Path-Planning-Project/src/Eigen-3.3/build_dir/CMakeFiles/feature_tests.cxx
Linking CXX executable cmTC_33f4c
/usr/bin/cmake -E cmake_link_script CMakeFiles/cmTC_33f4c.dir/link.txt --verbose=1
/usr/bin/c++       -rdynamic CMakeFiles/cmTC_33f4c.dir/feature_tests.cxx.o  -o cmTC_33f4c 
make[1]: Leaving directory '/home/german/CarND-Path-Planning-Project/src/Eigen-3.3/build_dir/CMakeFiles/CMakeTmp'


    Feature record: CXX_FEATURE:1cxx_aggregate_default_initializers
    Feature record: CXX_FEATURE:1cxx_alias_templates
    Feature record: CXX_FEATURE:1cxx_alignas
    Feature record: CXX_FEATURE:1cxx_alignof
    Feature record: CXX_FEATURE:1cxx_attributes
    Feature record: CXX_FEATURE:1cxx_attribute_deprecated
    Feature record: CXX_FEATURE:1cxx_auto_type
    Feature record: CXX_FEATURE:1cxx_binary_literals
    Feature record: CXX_FEATURE:1cxx_constexpr
    Feature record: CXX_FEATURE:1cxx_contextual_conversions
    Feature record: CXX_FEATURE:1cxx_decltype
    Feature record: CXX_FEATURE:1cxx_decltype_auto
    Feature record: CXX_FEATURE:1cxx_decltype_incomplete_return_types
    Feature record: CXX_FEATURE:1cxx_default_function_template_args
    Feature record: CXX_FEATURE:1cxx_defaulted_functions
    Feature record: CXX_FEATURE:1cxx_defaulted_move_initializers
    Feature record: CXX_FEATURE:1cxx_delegating_constructors
    Feature record: CXX_FEATURE:1cxx_deleted_functions
    Feature record: CXX_FEATURE:1cxx_digit_separators
    Feature record: CXX_FEATURE:1cxx_enum_forward_declarations
    Feature record: CXX_FEATURE:1cxx_explicit_conversions
    Feature record: CXX_FEATURE:1cxx_extended_friend_declarations
    Feature record: CXX_FEATURE:1cxx_extern_templates
    Feature record: CXX_FEATURE:1cxx_final
    Feature record: CXX_FEATURE:1cxx_func_identifier
    Feature record: CXX_FEATURE:1cxx_generalized_initializers
    Feature record: CXX_FEATURE:1cxx_generic_lambdas
    Feature record: CXX_FEATURE:1cxx_inheriting_constructors
    Feature record: CXX_FEATURE:1cxx_inline_namespaces
    Feature record: CXX_FEATURE:1cxx_lambdas
    Feature record: CXX_FEATURE:1cxx_lambda_init_captures
    Feature record: CXX_FEATURE:1cxx_local_type_template_args
    Feature record: CXX_FEATURE:1cxx_long_long_type
    Feature record: CXX_FEATURE:1cxx_noexcept
    Feature record: CXX_FEATURE:1cxx_nonstatic_member_init
    Feature record: CXX_FEATURE:1cxx_nullptr
    Feature record: CXX_FEATURE:1cxx_override
    Feature record: CXX_FEATURE:1cxx_range_for
    Feature record: CXX_FEATURE:1cxx_raw_string_literals
    Feature record: CXX_FEATURE:1cxx_reference_qualified_functions
    Feature record: CXX_FEATURE:1cxx_relaxed_constexpr
    Feature record: CXX_FEATURE:1cxx_return_type_deduction
    Feature record: CXX_FEATURE:1cxx_right_angle_brackets
    Feature record: CXX_FEATURE:1cxx_rvalue_references
    Feature record: CXX_FEATURE:1cxx_sizeof_member
    Feature record: CXX_FEATURE:1cxx_static_assert
    Feature record: CXX_FEATURE:1cxx_strong_enums
    Feature record: CXX_FEATURE:1cxx_template_template_parameters
    Feature record: CXX_FEATURE:1cxx_thread_local
    Feature record: CXX_FEATURE:1cxx_trailing_return_types
    Feature record: CXX_FEATURE:1cxx_unicode_literals
    Feature record: CXX_FEATURE:1cxx_uniform_initialization
    Feature record: CXX_FEATURE:1cxx_unrestricted_unions
    Feature record: CXX_FEATURE:1cxx_user_literals
    Feature record: CXX_FEATURE:1cxx_variable_templates
    Feature record: CXX_FEATURE:1cxx_variadic_macros
    Feature record: CXX_FEATURE:1cxx_variadic_templates


Detecting CXX [-std=c++11] compiler features compiled with the following output:
Change Dir: /home/german/CarND-Path-Planning-Project/src/Eigen-3.3/build_dir/CMakeFiles/CMakeTmp

Run Build Command:"/usr/bin/make" "cmTC_4cabe/fast"
/usr/bin/make -f CMakeFiles/cmTC_4cabe.dir/build.make CMakeFiles/cmTC_4cabe.dir/build
make[1]: Entering directory '/home/german/CarND-Path-Planning-Project/src/Eigen-3.3/build_dir/CMakeFiles/CMakeTmp'
Building CXX object CMakeFiles/cmTC_4cabe.dir/feature_tests.cxx.o
/usr/bin/c++    -std=c++11 -o CMakeFiles/cmTC_4cabe.dir/feature_tests.cxx.o -c /home/german/CarND-Path-Planning-Project/src/Eigen-3.3/build_dir/CMakeFiles/feature_tests.cxx
Linking CXX executable cmTC_4cabe
/usr/bin/cmake -E cmake_link_script CMakeFiles/cmTC_4cabe.dir/link.txt --verbose=1
/usr/bin/c++       -rdynamic CMakeFiles/cmTC_4cabe.dir/feature_tests.cxx.o  -o cmTC_4cabe 
make[1]: Leaving directory '/home/german/CarND-Path-Planning-Project/src/Eigen-3.3/build_dir/CMakeFiles/CMakeTmp'


    Feature record: CXX_FEATURE:0cxx_aggregate_default_initializers
    Feature record: CXX_FEATURE:1cxx_alias_templates
    Feature record: CXX_FEATURE:1cxx_alignas
    Feature record: CXX_FEATURE:1cxx_alignof
    Feature record: CXX_FEATURE:1cxx_attributes
    Feature record: CXX_FEATURE:0cxx_attribute_deprecated
    Feature record: CXX_FEATURE:1cxx_auto_type
    Feature record: CXX_FEATURE:0cxx_binary_literals
    Feature record: CXX_FEATURE:1cxx_constexpr
    Feature record: CXX_FEATURE:0cxx_contextual_conversions
    Feature record: CXX_FEATURE:1cxx_decltype
    Feature record: CXX_FEATURE:0cxx_decltype_auto
    Feature record: CXX_FEATURE:1cxx_decltype_incomplete_return_types
    Feature record: CXX_FEATURE:1cxx_default_function_template_args
    Feature record: CXX_FEATURE:1cxx_defaulted_functions
    Feature record: CXX_FEATURE:1cxx_defaulted_move_initializers
    Feature record: CXX_FEATURE:1cxx_delegating_constructors
    Feature record: CXX_FEATURE:1cxx_deleted_functions
    Feature record: CXX_FEATURE:0cxx_digit_separators
    Feature record: CXX_FEATURE:1cxx_enum_forward_declarations
    Feature record: CXX_FEATURE:1cxx_explicit_conversions
    Feature record: CXX_FEATURE:1cxx_extended_friend_declarations
    Feature record: CXX_FEATURE:1cxx_extern_templates
    Feature record: CXX_FEATURE:1cxx_final
    Feature record: CXX_FEATURE:1cxx_func_identifier
    Feature record: CXX_FEATURE:1cxx_generalized_initializers
    Feature record: CXX_FEATURE:0cxx_generic_lambdas
    Feature record: CXX_FEATURE:1cxx_inheriting_constructors
    Feature record: CXX_FEATURE:1cxx_inline_namespaces
    Feature record: CXX_FEATURE:1cxx_lambdas
    Feature record: CXX_FEATURE:0cxx_lambda_init_captures
    Feature record: CXX_FEATURE:1cxx_local_type_template_args
    Feature record: CXX_FEATURE:1cxx_long_long_type
    Feature record: CXX_FEATURE:1cxx_noexcept
    Feature record: CXX_FEATURE:1cxx_nonstatic_member_init
    Feature record: CXX_FEATURE:1cxx_nullptr
    Feature record: CXX_FEATURE:1cxx_override
    Feature record: CXX_FEATURE:1cxx_range_for
    Feature record: CXX_FEATURE:1cxx_raw_string_literals
    Feature record: CXX_FEATURE:1cxx_reference_qualified_functions
    Feature record: CXX_FEATURE:0cxx_relaxed_constexpr
    Feature record: CXX_FEATURE:0cxx_return_type_deduction
    Feature record: CXX_FEATURE:1cxx_right_angle_brackets
    Feature record: CXX_FEATURE:1cxx_rvalue_references
    Feature record: CXX_FEATURE:1cxx_sizeof_member
    Feature record: CXX_FEATURE:1cxx_static_assert
    Feature record: CXX_FEATURE:1cxx_strong_enums
    Feature record: CXX_FEATURE:1cxx_template_template_parameters
    Feature record: CXX_FEATURE:1cxx_thread_local
    Feature record: CXX_FEATURE:1cxx_trailing_return_types
    Feature record: CXX_FEATURE:1cxx_unicode_literals
    Feature record: CXX_FEATURE:1cxx_uniform_initialization
    Feature record: CXX_FEATURE:1cxx_unrestricted_unions
    Feature record: CXX_FEATURE:1cxx_user_literals
    Feature record: CXX_FEATURE:0cxx_variable_templates
    Feature record: CXX_FEATURE:1cxx_variadic_macros
    Feature record: CXX_FEATURE:1cxx_variadic_templates


Detecting CXX [-std=c++98] compiler features compiled with the following output:
Change Dir: /home/german/CarND-Path-Planning-Project/src/Eigen-3.3/build_dir/CMakeFiles/CMakeTmp

Run Build Command:"/usr/bin/make" "cmTC_61a36/fast"
/usr/bin/make -f CMakeFiles/cmTC_61a36.dir/build.make CMakeFiles/cmTC_61a36.dir/build
make[1]: Entering directory '/home/german/CarND-Path-Planning-Project/src/Eigen-3.3/build_dir/CMakeFiles/CMakeTmp'
Building CXX object CMakeFiles/cmTC_61a36.dir/feature_tests.cxx.o
/usr/bin/c++    -std=c++98 -o CMakeFiles/cmTC_61a36.dir/feature_tests.cxx.o -c /home/german/CarND-Path-Planning-Project/src/Eigen-3.3/build_dir/CMakeFiles/feature_tests.cxx
Linking CXX executable cmTC_61a36
/usr/bin/cmake -E cmake_link_script CMakeFiles/cmTC_61a36.dir/link.txt --verbose=1
/usr/bin/c++       -rdynamic CMakeFiles/cmTC_61a36.dir/feature_tests.cxx.o  -o cmTC_61a36 
make[1]: Leaving directory '/home/german/CarND-Path-Planning-Project/src/Eigen-3.3/build_dir/CMakeFiles/CMakeTmp'


    Feature record: CXX_FEATURE:0cxx_aggregate_default_initializers
    Feature record: CXX_FEATURE:0cxx_alias_templates
    Feature record: CXX_FEATURE:0cxx_alignas
    Feature record: CXX_FEATURE:0cxx_alignof
    Feature record: CXX_FEATURE:0cxx_attributes
    Feature record: CXX_FEATURE:0cxx_attribute_deprecated
    Feature record: CXX_FEATURE:0cxx_auto_type
    Feature record: CXX_FEATURE:0cxx_binary_literals
    Feature record: CXX_FEATURE:0cxx_constexpr
    Feature record: CXX_FEATURE:0cxx_contextual_conversions
    Feature record: CXX_FEATURE:0cxx_decltype
    Feature record: CXX_FEATURE:0cxx_decltype_auto
    Feature record: CXX_FEATURE:0cxx_decltype_incomplete_return_types
    Feature record: CXX_FEATURE:0cxx_default_function_template_args
    Feature record: CXX_FEATURE:0cxx_defaulted_functions
    Feature record: CXX_FEATURE:0cxx_defaulted_move_initializers
    Feature record: CXX_FEATURE:0cxx_delegating_constructors
    Feature record: CXX_FEATURE:0cxx_deleted_functions
    Feature record: CXX_FEATURE:0cxx_digit_separators
    Feature record: CXX_FEATURE:0cxx_enum_forward_declarations
    Feature record: CXX_FEATURE:0cxx_explicit_conversions
    Feature record: CXX_FEATURE:0cxx_extended_friend_declarations
    Feature record: CXX_FEATURE:0cxx_extern_templates
    Feature record: CXX_FEATURE:0cxx_final
    Feature record: CXX_FEATURE:0cxx_func_identifier
    Feature record: CXX_FEATURE:0cxx_generalized_initializers
    Feature record: CXX_FEATURE:0cxx_generic_lambdas
    Feature record: CXX_FEATURE:0cxx_inheriting_constructors
    Feature record: CXX_FEATURE:0cxx_inline_namespaces
    Feature record: CXX_FEATURE:0cxx_lambdas
    Feature record: CXX_FEATURE:0cxx_lambda_init_captures
    Feature record: CXX_FEATURE:0cxx_local_type_template_args
    Feature record: CXX_FEATURE:0cxx_long_long_type
    Feature record: CXX_FEATURE:0cxx_noexcept
    Feature record: CXX_FEATURE:0cxx_nonstatic_member_init
    Feature record: CXX_FEATURE:0cxx_nullptr
    Feature record: CXX_FEATURE:0cxx_override
    Feature record: CXX_FEATURE:0cxx_range_for
    Feature record: CXX_FEATURE:0cxx_raw_string_literals
    Feature record: CXX_FEATURE:0cxx_reference_qualified_functions
    Feature record: CXX_FEATURE:0cxx_relaxed_constexpr
    Feature record: CXX_FEATURE:0cxx_return_type_deduction
    Feature record: CXX_FEATURE:0cxx_right_angle_brackets
    Feature record: CXX_FEATURE:0cxx_rvalue_references
    Feature record: CXX_FEATURE:0cxx_sizeof_member
    Feature record: CXX_FEATURE:0cxx_static_assert
    Feature record: CXX_FEATURE:0cxx_strong_enums
    Feature record: CXX_FEATURE:1cxx_template_template_parameters
    Feature record: CXX_FEATURE:0cxx_thread_local
    Feature record: CXX_FEATURE:0cxx_trailing_return_types
    Feature record: CXX_FEATURE:0cxx_unicode_literals
    Feature record: CXX_FEATURE:0cxx_uniform_initialization
    Feature record: CXX_FEATURE:0cxx_unrestricted_unions
    Feature record: CXX_FEATURE:0cxx_user_literals
    Feature record: CXX_FEATURE:0cxx_variable_templates
    Feature record: CXX_FEATURE:0cxx_variadic_macros
    Feature record: CXX_FEATURE:0cxx_variadic_templates
Performing C++ SOURCE FILE Test standard_math_library_linked_to_automatically succeeded with the following output:
Change Dir: /home/german/CarND-Path-Planning-Project/src/Eigen-3.3/build_dir/CMakeFiles/CMakeTmp

Run Build Command:"/usr/bin/make" "cmTC_186d9/fast"
/usr/bin/make -f CMakeFiles/cmTC_186d9.dir/build.make CMakeFiles/cmTC_186d9.dir/build
make[1]: Entering directory '/home/german/CarND-Path-Planning-Project/src/Eigen-3.3/build_dir/CMakeFiles/CMakeTmp'
Building CXX object CMakeFiles/cmTC_186d9.dir/src.cxx.o
/usr/bin/c++    -Dstandard_math_library_linked_to_automatically   -o CMakeFiles/cmTC_186d9.dir/src.cxx.o -c /home/german/CarND-Path-Planning-Project/src/Eigen-3.3/build_dir/CMakeFiles/CMakeTmp/src.cxx
Linking CXX executable cmTC_186d9
/usr/bin/cmake -E cmake_link_script CMakeFiles/cmTC_186d9.dir/link.txt --verbose=1
/usr/bin/c++   -Dstandard_math_library_linked_to_automatically    -rdynamic CMakeFiles/cmTC_186d9.dir/src.cxx.o  -o cmTC_186d9 
make[1]: Leaving directory '/home/german/CarND-Path-Planning-Project/src/Eigen-3.3/build_dir/CMakeFiles/CMakeTmp'

Source file was:
#include<cmath>
int main() { std::sin(0.0); std::log(0.0f); }
Performing C++ SOURCE FILE Test COMPILER_SUPPORT_WERROR succeeded with the following output:
Change Dir: /home/german/CarND-Path-Planning-Project/src/Eigen-3.3/build_dir/CMakeFiles/CMakeTmp

Run Build Command:"/usr/bin/make" "cmTC_d9d8a/fast"
/usr/bin/make -f CMakeFiles/cmTC_d9d8a.dir/build.make CMakeFiles/cmTC_d9d8a.dir/build
make[1]: Entering directory '/home/german/CarND-Path-Planning-Project/src/Eigen-3.3/build_dir/CMakeFiles/CMakeTmp'
Building CXX object CMakeFiles/cmTC_d9d8a.dir/src.cxx.o
/usr/bin/c++    -DCOMPILER_SUPPORT_WERROR   -Werror -o CMakeFiles/cmTC_d9d8a.dir/src.cxx.o -c /home/german/CarND-Path-Planning-Project/src/Eigen-3.3/build_dir/CMakeFiles/CMakeTmp/src.cxx
Linking CXX executable cmTC_d9d8a
/usr/bin/cmake -E cmake_link_script CMakeFiles/cmTC_d9d8a.dir/link.txt --verbose=1
/usr/bin/c++   -DCOMPILER_SUPPORT_WERROR    -rdynamic CMakeFiles/cmTC_d9d8a.dir/src.cxx.o  -o cmTC_d9d8a 
make[1]: Leaving directory '/home/german/CarND-Path-Planning-Project/src/Eigen-3.3/build_dir/CMakeFiles/CMakeTmp'

Source file was:
int main() { return 0; }
Performing C++ SOURCE FILE Test COMPILER_SUPPORT_pedantic succeeded with the following output:
Change Dir: /home/german/CarND-Path-Planning-Project/src/Eigen-3.3/build_dir/CMakeFiles/CMakeTmp

Run Build Command:"/usr/bin/make" "cmTC_449f5/fast"
/usr/bin/make -f CMakeFiles/cmTC_449f5.dir/build.make CMakeFiles/cmTC_449f5.dir/build
make[1]: Entering directory '/home/german/CarND-Path-Planning-Project/src/Eigen-3.3/build_dir/CMakeFiles/CMakeTmp'
Building CXX object CMakeFiles/cmTC_449f5.dir/src.cxx.o
/usr/bin/c++    -DCOMPILER_SUPPORT_pedantic -Werror   -pedantic -o CMakeFiles/cmTC_449f5.dir/src.cxx.o -c /home/german/CarND-Path-Planning-Project/src/Eigen-3.3/build_dir/CMakeFiles/CMakeTmp/src.cxx
Linking CXX executable cmTC_449f5
/usr/bin/cmake -E cmake_link_script CMakeFiles/cmTC_449f5.dir/link.txt --verbose=1
/usr/bin/c++   -DCOMPILER_SUPPORT_pedantic -Werror    -rdynamic CMakeFiles/cmTC_449f5.dir/src.cxx.o  -o cmTC_449f5 
make[1]: Leaving directory '/home/german/CarND-Path-Planning-Project/src/Eigen-3.3/build_dir/CMakeFiles/CMakeTmp'

Source file was:
int main() { return 0; }
Performing C++ SOURCE FILE Test COMPILER_SUPPORT_Wall succeeded with the following output:
Change Dir: /home/german/CarND-Path-Planning-Project/src/Eigen-3.3/build_dir/CMakeFiles/CMakeTmp

Run Build Command:"/usr/bin/make" "cmTC_46a5f/fast"
/usr/bin/make -f CMakeFiles/cmTC_46a5f.dir/build.make CMakeFiles/cmTC_46a5f.dir/build
make[1]: Entering directory '/home/german/CarND-Path-Planning-Project/src/Eigen-3.3/build_dir/CMakeFiles/CMakeTmp'
Building CXX object CMakeFiles/cmTC_46a5f.dir/src.cxx.o
/usr/bin/c++    -pedantic -DCOMPILER_SUPPORT_Wall -Werror   -Wall -o CMakeFiles/cmTC_46a5f.dir/src.cxx.o -c /home/german/CarND-Path-Planning-Project/src/Eigen-3.3/build_dir/CMakeFiles/CMakeTmp/src.cxx
Linking CXX executable cmTC_46a5f
/usr/bin/cmake -E cmake_link_script CMakeFiles/cmTC_46a5f.dir/link.txt --verbose=1
/usr/bin/c++   -pedantic -DCOMPILER_SUPPORT_Wall -Werror    -rdynamic CMakeFiles/cmTC_46a5f.dir/src.cxx.o  -o cmTC_46a5f 
make[1]: Leaving directory '/home/german/CarND-Path-Planning-Project/src/Eigen-3.3/build_dir/CMakeFiles/CMakeTmp'

Source file was:
int main() { return 0; }
Performing C++ SOURCE FILE Test COMPILER_SUPPORT_Wextra succeeded with the following output:
Change Dir: /home/german/CarND-Path-Planning-Project/src/Eigen-3.3/build_dir/CMakeFiles/CMakeTmp

Run Build Command:"/usr/bin/make" "cmTC_4696e/fast"
/usr/bin/make -f CMakeFiles/cmTC_4696e.dir/build.make CMakeFiles/cmTC_4696e.dir/build
make[1]: Entering directory '/home/german/CarND-Path-Planning-Project/src/Eigen-3.3/build_dir/CMakeFiles/CMakeTmp'
Building CXX object CMakeFiles/cmTC_4696e.dir/src.cxx.o
/usr/bin/c++    -pedantic -Wall -DCOMPILER_SUPPORT_Wextra -Werror   -Wextra -o CMakeFiles/cmTC_4696e.dir/src.cxx.o -c /home/german/CarND-Path-Planning-Project/src/Eigen-3.3/build_dir/CMakeFiles/CMakeTmp/src.cxx
Linking CXX executable cmTC_4696e
/usr/bin/cmake -E cmake_link_script CMakeFiles/cmTC_4696e.dir/link.txt --verbose=1
/usr/bin/c++   -pedantic -Wall -DCOMPILER_SUPPORT_Wextra -Werror    -rdynamic CMakeFiles/cmTC_4696e.dir/src.cxx.o  -o cmTC_4696e 
make[1]: Leaving directory '/home/german/CarND-Path-Planning-Project/src/Eigen-3.3/build_dir/CMakeFiles/CMakeTmp'

Source file was:
int main() { return 0; }
Performing C++ SOURCE FILE Test COMPILER_SUPPORT_Wundef succeeded with the following output:
Change Dir: /home/german/CarND-Path-Planning-Project/src/Eigen-3.3/build_dir/CMakeFiles/CMakeTmp

Run Build Command:"/usr/bin/make" "cmTC_68f85/fast"
/usr/bin/make -f CMakeFiles/cmTC_68f85.dir/build.make CMakeFiles/cmTC_68f85.dir/build
make[1]: Entering directory '/home/german/CarND-Path-Planning-Project/src/Eigen-3.3/build_dir/CMakeFiles/CMakeTmp'
Building CXX object CMakeFiles/cmTC_68f85.dir/src.cxx.o
/usr/bin/c++    -pedantic -Wall -Wextra -DCOMPILER_SUPPORT_Wundef -Werror   -Wundef -o CMakeFiles/cmTC_68f85.dir/src.cxx.o -c /home/german/CarND-Path-Planning-Project/src/Eigen-3.3/build_dir/CMakeFiles/CMakeTmp/src.cxx
Linking CXX executable cmTC_68f85
/usr/bin/cmake -E cmake_link_script CMakeFiles/cmTC_68f85.dir/link.txt --verbose=1
/usr/bin/c++   -pedantic -Wall -Wextra -DCOMPILER_SUPPORT_Wundef -Werror    -rdynamic CMakeFiles/cmTC_68f85.dir/src.cxx.o  -o cmTC_68f85 
make[1]: Leaving directory '/home/german/CarND-Path-Planning-Project/src/Eigen-3.3/build_dir/CMakeFiles/CMakeTmp'

Source file was:
int main() { return 0; }
Performing C++ SOURCE FILE Test COMPILER_SUPPORT_Wcastalign succeeded with the following output:
Change Dir: /home/german/CarND-Path-Planning-Project/src/Eigen-3.3/build_dir/CMakeFiles/CMakeTmp

Run Build Command:"/usr/bin/make" "cmTC_f4678/fast"
/usr/bin/make -f CMakeFiles/cmTC_f4678.dir/build.make CMakeFiles/cmTC_f4678.dir/build
make[1]: Entering directory '/home/german/CarND-Path-Planning-Project/src/Eigen-3.3/build_dir/CMakeFiles/CMakeTmp'
Building CXX object CMakeFiles/cmTC_f4678.dir/src.cxx.o
/usr/bin/c++    -pedantic -Wall -Wextra -Wundef -DCOMPILER_SUPPORT_Wcastalign -Werror   -Wcast-align -o CMakeFiles/cmTC_f4678.dir/src.cxx.o -c /home/german/CarND-Path-Planning-Project/src/Eigen-3.3/build_dir/CMakeFiles/CMakeTmp/src.cxx
Linking CXX executable cmTC_f4678
/usr/bin/cmake -E cmake_link_script CMakeFiles/cmTC_f4678.dir/link.txt --verbose=1
/usr/bin/c++   -pedantic -Wall -Wextra -Wundef -DCOMPILER_SUPPORT_Wcastalign -Werror    -rdynamic CMakeFiles/cmTC_f4678.dir/src.cxx.o  -o cmTC_f4678 
make[1]: Leaving directory '/home/german/CarND-Path-Planning-Project/src/Eigen-3.3/build_dir/CMakeFiles/CMakeTmp'

Source file was:
int main() { return 0; }
Performing C++ SOURCE FILE Test COMPILER_SUPPORT_Wcharsubscripts succeeded with the following output:
Change Dir: /home/german/CarND-Path-Planning-Project/src/Eigen-3.3/build_dir/CMakeFiles/CMakeTmp

Run Build Command:"/usr/bin/make" "cmTC_b4b5d/fast"
/usr/bin/make -f CMakeFiles/cmTC_b4b5d.dir/build.make CMakeFiles/cmTC_b4b5d.dir/build
make[1]: Entering directory '/home/german/CarND-Path-Planning-Project/src/Eigen-3.3/build_dir/CMakeFiles/CMakeTmp'
Building CXX object CMakeFiles/cmTC_b4b5d.dir/src.cxx.o
/usr/bin/c++    -pedantic -Wall -Wextra -Wundef -Wcast-align -DCOMPILER_SUPPORT_Wcharsubscripts -Werror   -Wchar-subscripts -o CMakeFiles/cmTC_b4b5d.dir/src.cxx.o -c /home/german/CarND-Path-Planning-Project/src/Eigen-3.3/build_dir/CMakeFiles/CMakeTmp/src.cxx
Linking CXX executable cmTC_b4b5d
/usr/bin/cmake -E cmake_link_script CMakeFiles/cmTC_b4b5d.dir/link.txt --verbose=1
/usr/bin/c++   -pedantic -Wall -Wextra -Wundef -Wcast-align -DCOMPILER_SUPPORT_Wcharsubscripts -Werror    -rdynamic CMakeFiles/cmTC_b4b5d.dir/src.cxx.o  -o cmTC_b4b5d 
make[1]: Leaving directory '/home/german/CarND-Path-Planning-Project/src/Eigen-3.3/build_dir/CMakeFiles/CMakeTmp'

Source file was:
int main() { return 0; }
Performing C++ SOURCE FILE Test COMPILER_SUPPORT_Wnonvirtualdtor succeeded with the following output:
Change Dir: /home/german/CarND-Path-Planning-Project/src/Eigen-3.3/build_dir/CMakeFiles/CMakeTmp

Run Build Command:"/usr/bin/make" "cmTC_91f85/fast"
/usr/bin/make -f CMakeFiles/cmTC_91f85.dir/build.make CMakeFiles/cmTC_91f85.dir/build
make[1]: Entering directory '/home/german/CarND-Path-Planning-Project/src/Eigen-3.3/build_dir/CMakeFiles/CMakeTmp'
Building CXX object CMakeFiles/cmTC_91f85.dir/src.cxx.o
/usr/bin/c++    -pedantic -Wall -Wextra -Wundef -Wcast-align -Wchar-subscripts -DCOMPILER_SUPPORT_Wnonvirtualdtor -Werror   -Wnon-virtual-dtor -o CMakeFiles/cmTC_91f85.dir/src.cxx.o -c /home/german/CarND-Path-Planning-Project/src/Eigen-3.3/build_dir/CMakeFiles/CMakeTmp/src.cxx
Linking CXX executable cmTC_91f85
/usr/bin/cmake -E cmake_link_script CMakeFiles/cmTC_91f85.dir/link.txt --verbose=1
/usr/bin/c++   -pedantic -Wall -Wextra -Wundef -Wcast-align -Wchar-subscripts -DCOMPILER_SUPPORT_Wnonvirtualdtor -Werror    -rdynamic CMakeFiles/cmTC_91f85.dir/src.cxx.o  -o cmTC_91f85 
make[1]: Leaving directory '/home/german/CarND-Path-Planning-Project/src/Eigen-3.3/build_dir/CMakeFiles/CMakeTmp'

Source file was:
int main() { return 0; }
Performing C++ SOURCE FILE Test COMPILER_SUPPORT_Wunusedlocaltypedefs succeeded with the following output:
Change Dir: /home/german/CarND-Path-Planning-Project/src/Eigen-3.3/build_dir/CMakeFiles/CMakeTmp

Run Build Command:"/usr/bin/make" "cmTC_e7420/fast"
/usr/bin/make -f CMakeFiles/cmTC_e7420.dir/build.make CMakeFiles/cmTC_e7420.dir/build
make[1]: Entering directory '/home/german/CarND-Path-Planning-Project/src/Eigen-3.3/build_dir/CMakeFiles/CMakeTmp'
Building CXX object CMakeFiles/cmTC_e7420.dir/src.cxx.o
/usr/bin/c++    -pedantic -Wall -Wextra -Wundef -Wcast-align -Wchar-subscripts -Wnon-virtual-dtor -DCOMPILER_SUPPORT_Wunusedlocaltypedefs -Werror   -Wunused-local-typedefs -o CMakeFiles/cmTC_e7420.dir/src.cxx.o -c /home/german/CarND-Path-Planning-Project/src/Eigen-3.3/build_dir/CMakeFiles/CMakeTmp/src.cxx
Linking CXX executable cmTC_e7420
/usr/bin/cmake -E cmake_link_script CMakeFiles/cmTC_e7420.dir/link.txt --verbose=1
/usr/bin/c++   -pedantic -Wall -Wextra -Wundef -Wcast-align -Wchar-subscripts -Wnon-virtual-dtor -DCOMPILER_SUPPORT_Wunusedlocaltypedefs -Werror    -rdynamic CMakeFiles/cmTC_e7420.dir/src.cxx.o  -o cmTC_e7420 
make[1]: Leaving directory '/home/german/CarND-Path-Planning-Project/src/Eigen-3.3/build_dir/CMakeFiles/CMakeTmp'

Source file was:
int main() { return 0; }
Performing C++ SOURCE FILE Test COMPILER_SUPPORT_Wpointerarith succeeded with the following output:
Change Dir: /home/german/CarND-Path-Planning-Project/src/Eigen-3.3/build_dir/CMakeFiles/CMakeTmp

Run Build Command:"/usr/bin/make" "cmTC_d9cc4/fast"
/usr/bin/make -f CMakeFiles/cmTC_d9cc4.dir/build.make CMakeFiles/cmTC_d9cc4.dir/build
make[1]: Entering directory '/home/german/CarND-Path-Planning-Project/src/Eigen-3.3/build_dir/CMakeFiles/CMakeTmp'
Building CXX object CMakeFiles/cmTC_d9cc4.dir/src.cxx.o
/usr/bin/c++    -pedantic -Wall -Wextra -Wundef -Wcast-align -Wchar-subscripts -Wnon-virtual-dtor -Wunused-local-typedefs -DCOMPILER_SUPPORT_Wpointerarith -Werror   -Wpointer-arith -o CMakeFiles/cmTC_d9cc4.dir/src.cxx.o -c /home/german/CarND-Path-Planning-Project/src/Eigen-3.3/build_dir/CMakeFiles/CMakeTmp/src.cxx
Linking CXX executable cmTC_d9cc4
/usr/bin/cmake -E cmake_link_script CMakeFiles/cmTC_d9cc4.dir/link.txt --verbose=1
/usr/bin/c++   -pedantic -Wall -Wextra -Wundef -Wcast-align -Wchar-subscripts -Wnon-virtual-dtor -Wunused-local-typedefs -DCOMPILER_SUPPORT_Wpointerarith -Werror    -rdynamic CMakeFiles/cmTC_d9cc4.dir/src.cxx.o  -o cmTC_d9cc4 
make[1]: Leaving directory '/home/german/CarND-Path-Planning-Project/src/Eigen-3.3/build_dir/CMakeFiles/CMakeTmp'

Source file was:
int main() { return 0; }
Performing C++ SOURCE FILE Test COMPILER_SUPPORT_Wwritestrings succeeded with the following output:
Change Dir: /home/german/CarND-Path-Planning-Project/src/Eigen-3.3/build_dir/CMakeFiles/CMakeTmp

Run Build Command:"/usr/bin/make" "cmTC_50563/fast"
/usr/bin/make -f CMakeFiles/cmTC_50563.dir/build.make CMakeFiles/cmTC_50563.dir/build
make[1]: Entering directory '/home/german/CarND-Path-Planning-Project/src/Eigen-3.3/build_dir/CMakeFiles/CMakeTmp'
Building CXX object CMakeFiles/cmTC_50563.dir/src.cxx.o
/usr/bin/c++    -pedantic -Wall -Wextra -Wundef -Wcast-align -Wchar-subscripts -Wnon-virtual-dtor -Wunused-local-typedefs -Wpointer-arith -DCOMPILER_SUPPORT_Wwritestrings -Werror   -Wwrite-strings -o CMakeFiles/cmTC_50563.dir/src.cxx.o -c /home/german/CarND-Path-Planning-Project/src/Eigen-3.3/build_dir/CMakeFiles/CMakeTmp/src.cxx
Linking CXX executable cmTC_50563
/usr/bin/cmake -E cmake_link_script CMakeFiles/cmTC_50563.dir/link.txt --verbose=1
/usr/bin/c++   -pedantic -Wall -Wextra -Wundef -Wcast-align -Wchar-subscripts -Wnon-virtual-dtor -Wunused-local-typedefs -Wpointer-arith -DCOMPILER_SUPPORT_Wwritestrings -Werror    -rdynamic CMakeFiles/cmTC_50563.dir/src.cxx.o  -o cmTC_50563 
make[1]: Leaving directory '/home/german/CarND-Path-Planning-Project/src/Eigen-3.3/build_dir/CMakeFiles/CMakeTmp'

Source file was:
int main() { return 0; }
Performing C++ SOURCE FILE Test COMPILER_SUPPORT_Wformatsecurity succeeded with the following output:
Change Dir: /home/german/CarND-Path-Planning-Project/src/Eigen-3.3/build_dir/CMakeFiles/CMakeTmp

Run Build Command:"/usr/bin/make" "cmTC_6fa2b/fast"
/usr/bin/make -f CMakeFiles/cmTC_6fa2b.dir/build.make CMakeFiles/cmTC_6fa2b.dir/build
make[1]: Entering directory '/home/german/CarND-Path-Planning-Project/src/Eigen-3.3/build_dir/CMakeFiles/CMakeTmp'
Building CXX object CMakeFiles/cmTC_6fa2b.dir/src.cxx.o
/usr/bin/c++    -pedantic -Wall -Wextra -Wundef -Wcast-align -Wchar-subscripts -Wnon-virtual-dtor -Wunused-local-typedefs -Wpointer-arith -Wwrite-strings -DCOMPILER_SUPPORT_Wformatsecurity -Werror   -Wformat-security -o CMakeFiles/cmTC_6fa2b.dir/src.cxx.o -c /home/german/CarND-Path-Planning-Project/src/Eigen-3.3/build_dir/CMakeFiles/CMakeTmp/src.cxx
Linking CXX executable cmTC_6fa2b
/usr/bin/cmake -E cmake_link_script CMakeFiles/cmTC_6fa2b.dir/link.txt --verbose=1
/usr/bin/c++   -pedantic -Wall -Wextra -Wundef -Wcast-align -Wchar-subscripts -Wnon-virtual-dtor -Wunused-local-typedefs -Wpointer-arith -Wwrite-strings -DCOMPILER_SUPPORT_Wformatsecurity -Werror    -rdynamic CMakeFiles/cmTC_6fa2b.dir/src.cxx.o  -o cmTC_6fa2b 
make[1]: Leaving directory '/home/german/CarND-Path-Planning-Project/src/Eigen-3.3/build_dir/CMakeFiles/CMakeTmp'

Source file was:
int main() { return 0; }
Performing C++ SOURCE FILE Test COMPILER_SUPPORT_Wlogicalop succeeded with the following output:
Change Dir: /home/german/CarND-Path-Planning-Project/src/Eigen-3.3/build_dir/CMakeFiles/CMakeTmp

Run Build Command:"/usr/bin/make" "cmTC_2bb3d/fast"
/usr/bin/make -f CMakeFiles/cmTC_2bb3d.dir/build.make CMakeFiles/cmTC_2bb3d.dir/build
make[1]: Entering directory '/home/german/CarND-Path-Planning-Project/src/Eigen-3.3/build_dir/CMakeFiles/CMakeTmp'
Building CXX object CMakeFiles/cmTC_2bb3d.dir/src.cxx.o
/usr/bin/c++    -pedantic -Wall -Wextra -Wundef -Wcast-align -Wchar-subscripts -Wnon-virtual-dtor -Wunused-local-typedefs -Wpointer-arith -Wwrite-strings -Wformat-security -DCOMPILER_SUPPORT_Wlogicalop -Werror   -Wlogical-op -o CMakeFiles/cmTC_2bb3d.dir/src.cxx.o -c /home/german/CarND-Path-Planning-Project/src/Eigen-3.3/build_dir/CMakeFiles/CMakeTmp/src.cxx
Linking CXX executable cmTC_2bb3d
/usr/bin/cmake -E cmake_link_script CMakeFiles/cmTC_2bb3d.dir/link.txt --verbose=1
/usr/bin/c++   -pedantic -Wall -Wextra -Wundef -Wcast-align -Wchar-subscripts -Wnon-virtual-dtor -Wunused-local-typedefs -Wpointer-arith -Wwrite-strings -Wformat-security -DCOMPILER_SUPPORT_Wlogicalop -Werror    -rdynamic CMakeFiles/cmTC_2bb3d.dir/src.cxx.o  -o cmTC_2bb3d 
make[1]: Leaving directory '/home/german/CarND-Path-Planning-Project/src/Eigen-3.3/build_dir/CMakeFiles/CMakeTmp'

Source file was:
int main() { return 0; }
Performing C++ SOURCE FILE Test COMPILER_SUPPORT_Wdoublepromotion succeeded with the following output:
Change Dir: /home/german/CarND-Path-Planning-Project/src/Eigen-3.3/build_dir/CMakeFiles/CMakeTmp

Run Build Command:"/usr/bin/make" "cmTC_91010/fast"
/usr/bin/make -f CMakeFiles/cmTC_91010.dir/build.make CMakeFiles/cmTC_91010.dir/build
make[1]: Entering directory '/home/german/CarND-Path-Planning-Project/src/Eigen-3.3/build_dir/CMakeFiles/CMakeTmp'
Building CXX object CMakeFiles/cmTC_91010.dir/src.cxx.o
/usr/bin/c++    -pedantic -Wall -Wextra -Wundef -Wcast-align -Wchar-subscripts -Wnon-virtual-dtor -Wunused-local-typedefs -Wpointer-arith -Wwrite-strings -Wformat-security -Wlogical-op -DCOMPILER_SUPPORT_Wdoublepromotion -Werror   -Wdouble-promotion -o CMakeFiles/cmTC_91010.dir/src.cxx.o -c /home/german/CarND-Path-Planning-Project/src/Eigen-3.3/build_dir/CMakeFiles/CMakeTmp/src.cxx
Linking CXX executable cmTC_91010
/usr/bin/cmake -E cmake_link_script CMakeFiles/cmTC_91010.dir/link.txt --verbose=1
/usr/bin/c++   -pedantic -Wall -Wextra -Wundef -Wcast-align -Wchar-subscripts -Wnon-virtual-dtor -Wunused-local-typedefs -Wpointer-arith -Wwrite-strings -Wformat-security -Wlogical-op -DCOMPILER_SUPPORT_Wdoublepromotion -Werror    -rdynamic CMakeFiles/cmTC_91010.dir/src.cxx.o  -o cmTC_91010 
make[1]: Leaving directory '/home/german/CarND-Path-Planning-Project/src/Eigen-3.3/build_dir/CMakeFiles/CMakeTmp'

Source file was:
int main() { return 0; }
Performing C++ SOURCE FILE Test COMPILER_SUPPORT_Wnopsabi succeeded with the following output:
Change Dir: /home/german/CarND-Path-Planning-Project/src/Eigen-3.3/build_dir/CMakeFiles/CMakeTmp

Run Build Command:"/usr/bin/make" "cmTC_61070/fast"
/usr/bin/make -f CMakeFiles/cmTC_61070.dir/build.make CMakeFiles/cmTC_61070.dir/build
make[1]: Entering directory '/home/german/CarND-Path-Planning-Project/src/Eigen-3.3/build_dir/CMakeFiles/CMakeTmp'
Building CXX object CMakeFiles/cmTC_61070.dir/src.cxx.o
/usr/bin/c++    -pedantic -Wall -Wextra -Wundef -Wcast-align -Wchar-subscripts -Wnon-virtual-dtor -Wunused-local-typedefs -Wpointer-arith -Wwrite-strings -Wformat-security -Wlogical-op -Wdouble-promotion -DCOMPILER_SUPPORT_Wnopsabi -Werror   -Wno-psabi -o CMakeFiles/cmTC_61070.dir/src.cxx.o -c /home/german/CarND-Path-Planning-Project/src/Eigen-3.3/build_dir/CMakeFiles/CMakeTmp/src.cxx
Linking CXX executable cmTC_61070
/usr/bin/cmake -E cmake_link_script CMakeFiles/cmTC_61070.dir/link.txt --verbose=1
/usr/bin/c++   -pedantic -Wall -Wextra -Wundef -Wcast-align -Wchar-subscripts -Wnon-virtual-dtor -Wunused-local-typedefs -Wpointer-arith -Wwrite-strings -Wformat-security -Wlogical-op -Wdouble-promotion -DCOMPILER_SUPPORT_Wnopsabi -Werror    -rdynamic CMakeFiles/cmTC_61070.dir/src.cxx.o  -o cmTC_61070 
make[1]: Leaving directory '/home/german/CarND-Path-Planning-Project/src/Eigen-3.3/build_dir/CMakeFiles/CMakeTmp'

Source file was:
int main() { return 0; }
Performing C++ SOURCE FILE Test COMPILER_SUPPORT_Wnovariadicmacros succeeded with the following output:
Change Dir: /home/german/CarND-Path-Planning-Project/src/Eigen-3.3/build_dir/CMakeFiles/CMakeTmp

Run Build Command:"/usr/bin/make" "cmTC_cf4d1/fast"
/usr/bin/make -f CMakeFiles/cmTC_cf4d1.dir/build.make CMakeFiles/cmTC_cf4d1.dir/build
make[1]: Entering directory '/home/german/CarND-Path-Planning-Project/src/Eigen-3.3/build_dir/CMakeFiles/CMakeTmp'
Building CXX object CMakeFiles/cmTC_cf4d1.dir/src.cxx.o
/usr/bin/c++    -pedantic -Wall -Wextra -Wundef -Wcast-align -Wchar-subscripts -Wnon-virtual-dtor -Wunused-local-typedefs -Wpointer-arith -Wwrite-strings -Wformat-security -Wlogical-op -Wdouble-promotion -Wno-psabi -DCOMPILER_SUPPORT_Wnovariadicmacros -Werror   -Wno-variadic-macros -o CMakeFiles/cmTC_cf4d1.dir/src.cxx.o -c /home/german/CarND-Path-Planning-Project/src/Eigen-3.3/build_dir/CMakeFiles/CMakeTmp/src.cxx
Linking CXX executable cmTC_cf4d1
/usr/bin/cmake -E cmake_link_script CMakeFiles/cmTC_cf4d1.dir/link.txt --verbose=1
/usr/bin/c++   -pedantic -Wall -Wextra -Wundef -Wcast-align -Wchar-subscripts -Wnon-virtual-dtor -Wunused-local-typedefs -Wpointer-arith -Wwrite-strings -Wformat-security -Wlogical-op -Wdouble-promotion -Wno-psabi -DCOMPILER_SUPPORT_Wnovariadicmacros -Werror    -rdynamic CMakeFiles/cmTC_cf4d1.dir/src.cxx.o  -o cmTC_cf4d1 
make[1]: Leaving directory '/home/german/CarND-Path-Planning-Project/src/Eigen-3.3/build_dir/CMakeFiles/CMakeTmp'

Source file was:
int main() { return 0; }
Performing C++ SOURCE FILE Test COMPILER_SUPPORT_Wnolonglong succeeded with the following output:
Change Dir: /home/german/CarND-Path-Planning-Project/src/Eigen-3.3/build_dir/CMakeFiles/CMakeTmp

Run Build Command:"/usr/bin/make" "cmTC_79b46/fast"
/usr/bin/make -f CMakeFiles/cmTC_79b46.dir/build.make CMakeFiles/cmTC_79b46.dir/build
make[1]: Entering directory '/home/german/CarND-Path-Planning-Project/src/Eigen-3.3/build_dir/CMakeFiles/CMakeTmp'
Building CXX object CMakeFiles/cmTC_79b46.dir/src.cxx.o
/usr/bin/c++    -pedantic -Wall -Wextra -Wundef -Wcast-align -Wchar-subscripts -Wnon-virtual-dtor -Wunused-local-typedefs -Wpointer-arith -Wwrite-strings -Wformat-security -Wlogical-op -Wdouble-promotion -Wno-psabi -Wno-variadic-macros -DCOMPILER_SUPPORT_Wnolonglong -Werror   -Wno-long-long -o CMakeFiles/cmTC_79b46.dir/src.cxx.o -c /home/german/CarND-Path-Planning-Project/src/Eigen-3.3/build_dir/CMakeFiles/CMakeTmp/src.cxx
Linking CXX executable cmTC_79b46
/usr/bin/cmake -E cmake_link_script CMakeFiles/cmTC_79b46.dir/link.txt --verbose=1
/usr/bin/c++   -pedantic -Wall -Wextra -Wundef -Wcast-align -Wchar-subscripts -Wnon-virtual-dtor -Wunused-local-typedefs -Wpointer-arith -Wwrite-strings -Wformat-security -Wlogical-op -Wdouble-promotion -Wno-psabi -Wno-variadic-macros -DCOMPILER_SUPPORT_Wnolonglong -Werror    -rdynamic CMakeFiles/cmTC_79b46.dir/src.cxx.o  -o cmTC_79b46 
make[1]: Leaving directory '/home/german/CarND-Path-Planning-Project/src/Eigen-3.3/build_dir/CMakeFiles/CMakeTmp'

Source file was:
int main() { return 0; }
Performing C++ SOURCE FILE Test COMPILER_SUPPORT_fnochecknew succeeded with the following output:
Change Dir: /home/german/CarND-Path-Planning-Project/src/Eigen-3.3/build_dir/CMakeFiles/CMakeTmp

Run Build Command:"/usr/bin/make" "cmTC_69a8e/fast"
/usr/bin/make -f CMakeFiles/cmTC_69a8e.dir/build.make CMakeFiles/cmTC_69a8e.dir/build
make[1]: Entering directory '/home/german/CarND-Path-Planning-Project/src/Eigen-3.3/build_dir/CMakeFiles/CMakeTmp'
Building CXX object CMakeFiles/cmTC_69a8e.dir/src.cxx.o
/usr/bin/c++    -pedantic -Wall -Wextra -Wundef -Wcast-align -Wchar-subscripts -Wnon-virtual-dtor -Wunused-local-typedefs -Wpointer-arith -Wwrite-strings -Wformat-security -Wlogical-op -Wdouble-promotion -Wno-psabi -Wno-variadic-macros -Wno-long-long -DCOMPILER_SUPPORT_fnochecknew -Werror   -fno-check-new -o CMakeFiles/cmTC_69a8e.dir/src.cxx.o -c /home/german/CarND-Path-Planning-Project/src/Eigen-3.3/build_dir/CMakeFiles/CMakeTmp/src.cxx
Linking CXX executable cmTC_69a8e
/usr/bin/cmake -E cmake_link_script CMakeFiles/cmTC_69a8e.dir/link.txt --verbose=1
/usr/bin/c++   -pedantic -Wall -Wextra -Wundef -Wcast-align -Wchar-subscripts -Wnon-virtual-dtor -Wunused-local-typedefs -Wpointer-arith -Wwrite-strings -Wformat-security -Wlogical-op -Wdouble-promotion -Wno-psabi -Wno-variadic-macros -Wno-long-long -DCOMPILER_SUPPORT_fnochecknew -Werror    -rdynamic CMakeFiles/cmTC_69a8e.dir/src.cxx.o  -o cmTC_69a8e 
make[1]: Leaving directory '/home/german/CarND-Path-Planning-Project/src/Eigen-3.3/build_dir/CMakeFiles/CMakeTmp'

Source file was:
int main() { return 0; }
Performing C++ SOURCE FILE Test COMPILER_SUPPORT_fnocommon succeeded with the following output:
Change Dir: /home/german/CarND-Path-Planning-Project/src/Eigen-3.3/build_dir/CMakeFiles/CMakeTmp

Run Build Command:"/usr/bin/make" "cmTC_d3456/fast"
/usr/bin/make -f CMakeFiles/cmTC_d3456.dir/build.make CMakeFiles/cmTC_d3456.dir/build
make[1]: Entering directory '/home/german/CarND-Path-Planning-Project/src/Eigen-3.3/build_dir/CMakeFiles/CMakeTmp'
Building CXX object CMakeFiles/cmTC_d3456.dir/src.cxx.o
/usr/bin/c++    -pedantic -Wall -Wextra -Wundef -Wcast-align -Wchar-subscripts -Wnon-virtual-dtor -Wunused-local-typedefs -Wpointer-arith -Wwrite-strings -Wformat-security -Wlogical-op -Wdouble-promotion -Wno-psabi -Wno-variadic-macros -Wno-long-long -fno-check-new -DCOMPILER_SUPPORT_fnocommon -Werror   -fno-common -o CMakeFiles/cmTC_d3456.dir/src.cxx.o -c /home/german/CarND-Path-Planning-Project/src/Eigen-3.3/build_dir/CMakeFiles/CMakeTmp/src.cxx
Linking CXX executable cmTC_d3456
/usr/bin/cmake -E cmake_link_script CMakeFiles/cmTC_d3456.dir/link.txt --verbose=1
/usr/bin/c++   -pedantic -Wall -Wextra -Wundef -Wcast-align -Wchar-subscripts -Wnon-virtual-dtor -Wunused-local-typedefs -Wpointer-arith -Wwrite-strings -Wformat-security -Wlogical-op -Wdouble-promotion -Wno-psabi -Wno-variadic-macros -Wno-long-long -fno-check-new -DCOMPILER_SUPPORT_fnocommon -Werror    -rdynamic CMakeFiles/cmTC_d3456.dir/src.cxx.o  -o cmTC_d3456 
make[1]: Leaving directory '/home/german/CarND-Path-Planning-Project/src/Eigen-3.3/build_dir/CMakeFiles/CMakeTmp'

Source file was:
int main() { return 0; }
Performing C++ SOURCE FILE Test COMPILER_SUPPORT_fstrictaliasing succeeded with the following output:
Change Dir: /home/german/CarND-Path-Planning-Project/src/Eigen-3.3/build_dir/CMakeFiles/CMakeTmp

Run Build Command:"/usr/bin/make" "cmTC_35521/fast"
/usr/bin/make -f CMakeFiles/cmTC_35521.dir/build.make CMakeFiles/cmTC_35521.dir/build
make[1]: Entering directory '/home/german/CarND-Path-Planning-Project/src/Eigen-3.3/build_dir/CMakeFiles/CMakeTmp'
Building CXX object CMakeFiles/cmTC_35521.dir/src.cxx.o
/usr/bin/c++    -pedantic -Wall -Wextra -Wundef -Wcast-align -Wchar-subscripts -Wnon-virtual-dtor -Wunused-local-typedefs -Wpointer-arith -Wwrite-strings -Wformat-security -Wlogical-op -Wdouble-promotion -Wno-psabi -Wno-variadic-macros -Wno-long-long -fno-check-new -fno-common -DCOMPILER_SUPPORT_fstrictaliasing -Werror   -fstrict-aliasing -o CMakeFiles/cmTC_35521.dir/src.cxx.o -c /home/german/CarND-Path-Planning-Project/src/Eigen-3.3/build_dir/CMakeFiles/CMakeTmp/src.cxx
Linking CXX executable cmTC_35521
/usr/bin/cmake -E cmake_link_script CMakeFiles/cmTC_35521.dir/link.txt --verbose=1
/usr/bin/c++   -pedantic -Wall -Wextra -Wundef -Wcast-align -Wchar-subscripts -Wnon-virtual-dtor -Wunused-local-typedefs -Wpointer-arith -Wwrite-strings -Wformat-security -Wlogical-op -Wdouble-promotion -Wno-psabi -Wno-variadic-macros -Wno-long-long -fno-check-new -fno-common -DCOMPILER_SUPPORT_fstrictaliasing -Werror    -rdynamic CMakeFiles/cmTC_35521.dir/src.cxx.o  -o cmTC_35521 
make[1]: Leaving directory '/home/german/CarND-Path-Planning-Project/src/Eigen-3.3/build_dir/CMakeFiles/CMakeTmp'

Source file was:
int main() { return 0; }
Performing C++ SOURCE FILE Test COMPILER_SUPPORT_ansi succeeded with the following output:
Change Dir: /home/german/CarND-Path-Planning-Project/src/Eigen-3.3/build_dir/CMakeFiles/CMakeTmp

Run Build Command:"/usr/bin/make" "cmTC_d4bf5/fast"
/usr/bin/make -f CMakeFiles/cmTC_d4bf5.dir/build.make CMakeFiles/cmTC_d4bf5.dir/build
make[1]: Entering directory '/home/german/CarND-Path-Planning-Project/src/Eigen-3.3/build_dir/CMakeFiles/CMakeTmp'
Building CXX object CMakeFiles/cmTC_d4bf5.dir/src.cxx.o
/usr/bin/c++    -pedantic -Wall -Wextra -Wundef -Wcast-align -Wchar-subscripts -Wnon-virtual-dtor -Wunused-local-typedefs -Wpointer-arith -Wwrite-strings -Wformat-security -Wlogical-op -Wdouble-promotion -Wno-psabi -Wno-variadic-macros -Wno-long-long -fno-check-new -fno-common -fstrict-aliasing -DCOMPILER_SUPPORT_ansi -Werror   -ansi -o CMakeFiles/cmTC_d4bf5.dir/src.cxx.o -c /home/german/CarND-Path-Planning-Project/src/Eigen-3.3/build_dir/CMakeFiles/CMakeTmp/src.cxx
Linking CXX executable cmTC_d4bf5
/usr/bin/cmake -E cmake_link_script CMakeFiles/cmTC_d4bf5.dir/link.txt --verbose=1
/usr/bin/c++   -pedantic -Wall -Wextra -Wundef -Wcast-align -Wchar-subscripts -Wnon-virtual-dtor -Wunused-local-typedefs -Wpointer-arith -Wwrite-strings -Wformat-security -Wlogical-op -Wdouble-promotion -Wno-psabi -Wno-variadic-macros -Wno-long-long -fno-check-new -fno-common -fstrict-aliasing -DCOMPILER_SUPPORT_ansi -Werror    -rdynamic CMakeFiles/cmTC_d4bf5.dir/src.cxx.o  -o cmTC_d4bf5 
make[1]: Leaving directory '/home/german/CarND-Path-Planning-Project/src/Eigen-3.3/build_dir/CMakeFiles/CMakeTmp'

Source file was:
int main() { return 0; }
Performing C++ SOURCE FILE Test COMPILER_SUPPORT_OPENMP succeeded with the following output:
Change Dir: /home/german/CarND-Path-Planning-Project/src/Eigen-3.3/build_dir/CMakeFiles/CMakeTmp

Run Build Command:"/usr/bin/make" "cmTC_fa7d9/fast"
/usr/bin/make -f CMakeFiles/cmTC_fa7d9.dir/build.make CMakeFiles/cmTC_fa7d9.dir/build
make[1]: Entering directory '/home/german/CarND-Path-Planning-Project/src/Eigen-3.3/build_dir/CMakeFiles/CMakeTmp'
Building CXX object CMakeFiles/cmTC_fa7d9.dir/src.cxx.o
/usr/bin/c++    -pedantic -Wall -Wextra -Wundef -Wcast-align -Wchar-subscripts -Wnon-virtual-dtor -Wunused-local-typedefs -Wpointer-arith -Wwrite-strings -Wformat-security -Wlogical-op -Wdouble-promotion -Wno-psabi -Wno-variadic-macros -Wno-long-long -fno-check-new -fno-common -fstrict-aliasing -ansi -DCOMPILER_SUPPORT_OPENMP   -fopenmp -o CMakeFiles/cmTC_fa7d9.dir/src.cxx.o -c /home/german/CarND-Path-Planning-Project/src/Eigen-3.3/build_dir/CMakeFiles/CMakeTmp/src.cxx
Linking CXX executable cmTC_fa7d9
/usr/bin/cmake -E cmake_link_script CMakeFiles/cmTC_fa7d9.dir/link.txt --verbose=1
/usr/bin/c++   -pedantic -Wall -Wextra -Wundef -Wcast-align -Wchar-subscripts -Wnon-virtual-dtor -Wunused-local-typedefs -Wpointer-arith -Wwrite-strings -Wformat-security -Wlogical-op -Wdouble-promotion -Wno-psabi -Wno-variadic-macros -Wno-long-long -fno-check-new -fno-common -fstrict-aliasing -ansi -DCOMPILER_SUPPORT_OPENMP    -rdynamic CMakeFiles/cmTC_fa7d9.dir/src.cxx.o  -o cmTC_fa7d9 
make[1]: Leaving directory '/home/german/CarND-Path-Planning-Project/src/Eigen-3.3/build_dir/CMakeFiles/CMakeTmp'

Source file was:
int main() { return 0; }
Performing C++ SOURCE FILE Test EIGEN_COMPILER_SUPPORT_CPP11 succeeded with the following output:
Change Dir: /home/german/CarND-Path-Planning-Project/src/Eigen-3.3/build_dir/CMakeFiles/CMakeTmp

Run Build Command:"/usr/bin/make" "cmTC_544f8/fast"
/usr/bin/make -f CMakeFiles/cmTC_544f8.dir/build.make CMakeFiles/cmTC_544f8.dir/build
make[1]: Entering directory '/home/german/CarND-Path-Planning-Project/src/Eigen-3.3/build_dir/CMakeFiles/CMakeTmp'
Building CXX object CMakeFiles/cmTC_544f8.dir/src.cxx.o
/usr/bin/c++    -pedantic -Wall -Wextra -Wundef -Wcast-align -Wchar-subscripts -Wnon-virtual-dtor -Wunused-local-typedefs -Wpointer-arith -Wwrite-strings -Wformat-security -Wlogical-op -Wdouble-promotion -Wno-psabi -Wno-variadic-macros -Wno-long-long -fno-check-new -fno-common -fstrict-aliasing -ansi -O1 -g1 -DEIGEN_COMPILER_SUPPORT_CPP11   -std=c++11 -o CMakeFiles/cmTC_544f8.dir/src.cxx.o -c /home/german/CarND-Path-Planning-Project/src/Eigen-3.3/build_dir/CMakeFiles/CMakeTmp/src.cxx
Linking CXX executable cmTC_544f8
/usr/bin/cmake -E cmake_link_script CMakeFiles/cmTC_544f8.dir/link.txt --verbose=1
/usr/bin/c++   -pedantic -Wall -Wextra -Wundef -Wcast-align -Wchar-subscripts -Wnon-virtual-dtor -Wunused-local-typedefs -Wpointer-arith -Wwrite-strings -Wformat-security -Wlogical-op -Wdouble-promotion -Wno-psabi -Wno-variadic-macros -Wno-long-long -fno-check-new -fno-common -fstrict-aliasing -ansi -O1 -g1 -DEIGEN_COMPILER_SUPPORT_CPP11    -rdynamic CMakeFiles/cmTC_544f8.dir/src.cxx.o  -o cmTC_544f8 
make[1]: Leaving directory '/home/german/CarND-Path-Planning-Project/src/Eigen-3.3/build_dir/CMakeFiles/CMakeTmp'

Source file was:
int main() { return 0; }
Performing C++ SOURCE FILE Test EIGEN_COMPILER_SUPPORT_CXX11 succeeded with the following output:
Change Dir: /home/german/CarND-Path-Planning-Project/src/Eigen-3.3/build_dir/CMakeFiles/CMakeTmp

Run Build Command:"/usr/bin/make" "cmTC_392f4/fast"
/usr/bin/make -f CMakeFiles/cmTC_392f4.dir/build.make CMakeFiles/cmTC_392f4.dir/build
make[1]: Entering directory '/home/german/CarND-Path-Planning-Project/src/Eigen-3.3/build_dir/CMakeFiles/CMakeTmp'
Building CXX object CMakeFiles/cmTC_392f4.dir/src.cxx.o
/usr/bin/c++    -pedantic -Wall -Wextra -Wundef -Wcast-align -Wchar-subscripts -Wnon-virtual-dtor -Wunused-local-typedefs -Wpointer-arith -Wwrite-strings -Wformat-security -Wlogical-op -Wdouble-promotion -Wno-psabi -Wno-variadic-macros -Wno-long-long -fno-check-new -fno-common -fstrict-aliasing -ansi -DEIGEN_COMPILER_SUPPORT_CXX11   -std=c++11 -o CMakeFiles/cmTC_392f4.dir/src.cxx.o -c /home/german/CarND-Path-Planning-Project/src/Eigen-3.3/build_dir/CMakeFiles/CMakeTmp/src.cxx
Linking CXX executable cmTC_392f4
/usr/bin/cmake -E cmake_link_script CMakeFiles/cmTC_392f4.dir/link.txt --verbose=1
/usr/bin/c++   -pedantic -Wall -Wextra -Wundef -Wcast-align -Wchar-subscripts -Wnon-virtual-dtor -Wunused-local-typedefs -Wpointer-arith -Wwrite-strings -Wformat-security -Wlogical-op -Wdouble-promotion -Wno-psabi -Wno-variadic-macros -Wno-long-long -fno-check-new -fno-common -fstrict-aliasing -ansi -DEIGEN_COMPILER_SUPPORT_CXX11    -rdynamic CMakeFiles/cmTC_392f4.dir/src.cxx.o  -o cmTC_392f4 
make[1]: Leaving directory '/home/german/CarND-Path-Planning-Project/src/Eigen-3.3/build_dir/CMakeFiles/CMakeTmp'

Source file was:
int main() { return 0; }
Performing C++ SOURCE FILE Test COMPILER_SUPPORT_FASTMATH succeeded with the following output:
Change Dir: /home/german/CarND-Path-Planning-Project/src/Eigen-3.3/build_dir/CMakeFiles/CMakeTmp

Run Build Command:"/usr/bin/make" "cmTC_106ca/fast"
/usr/bin/make -f CMakeFiles/cmTC_106ca.dir/build.make CMakeFiles/cmTC_106ca.dir/build
make[1]: Entering directory '/home/german/CarND-Path-Planning-Project/src/Eigen-3.3/build_dir/CMakeFiles/CMakeTmp'
Building CXX object CMakeFiles/cmTC_106ca.dir/src.cxx.o
/usr/bin/c++    -pedantic -Wall -Wextra -Wundef -Wcast-align -Wchar-subscripts -Wnon-virtual-dtor -Wunused-local-typedefs -Wpointer-arith -Wwrite-strings -Wformat-security -Wlogical-op -Wdouble-promotion -Wno-psabi -Wno-variadic-macros -Wno-long-long -fno-check-new -fno-common -fstrict-aliasing -ansi -DCOMPILER_SUPPORT_FASTMATH   -ffast-math -o CMakeFiles/cmTC_106ca.dir/src.cxx.o -c /home/german/CarND-Path-Planning-Project/src/Eigen-3.3/build_dir/CMakeFiles/CMakeTmp/src.cxx
Linking CXX executable cmTC_106ca
/usr/bin/cmake -E cmake_link_script CMakeFiles/cmTC_106ca.dir/link.txt --verbose=1
/usr/bin/c++   -pedantic -Wall -Wextra -Wundef -Wcast-align -Wchar-subscripts -Wnon-virtual-dtor -Wunused-local-typedefs -Wpointer-arith -Wwrite-strings -Wformat-security -Wlogical-op -Wdouble-promotion -Wno-psabi -Wno-variadic-macros -Wno-long-long -fno-check-new -fno-common -fstrict-aliasing -ansi -DCOMPILER_SUPPORT_FASTMATH    -rdynamic CMakeFiles/cmTC_106ca.dir/src.cxx.o  -o cmTC_106ca 
make[1]: Leaving directory '/home/german/CarND-Path-Planning-Project/src/Eigen-3.3/build_dir/CMakeFiles/CMakeTmp'

Source file was:
int main() { return 0; }
Determining if the include file pthread.h exists passed with the following output:
Change Dir: /home/german/CarND-Path-Planning-Project/src/Eigen-3.3/build_dir/CMakeFiles/CMakeTmp

Run Build Command:"/usr/bin/make" "cmTC_9d614/fast"
/usr/bin/make -f CMakeFiles/cmTC_9d614.dir/build.make CMakeFiles/cmTC_9d614.dir/build
make[1]: Entering directory '/home/german/CarND-Path-Planning-Project/src/Eigen-3.3/build_dir/CMakeFiles/CMakeTmp'
Building C object CMakeFiles/cmTC_9d614.dir/CheckIncludeFile.c.o
/usr/bin/cc    -o CMakeFiles/cmTC_9d614.dir/CheckIncludeFile.c.o   -c /home/german/CarND-Path-Planning-Project/src/Eigen-3.3/build_dir/CMakeFiles/CMakeTmp/CheckIncludeFile.c
Linking C executable cmTC_9d614
/usr/bin/cmake -E cmake_link_script CMakeFiles/cmTC_9d614.dir/link.txt --verbose=1
/usr/bin/cc      -rdynamic CMakeFiles/cmTC_9d614.dir/CheckIncludeFile.c.o  -o cmTC_9d614 
make[1]: Leaving directory '/home/german/CarND-Path-Planning-Project/src/Eigen-3.3/build_dir/CMakeFiles/CMakeTmp'


Determining if the function pthread_create exists in the pthread passed with the following output:
Change Dir: /home/german/CarND-Path-Planning-Project/src/Eigen-3.3/build_dir/CMakeFiles/CMakeTmp

Run Build Command:"/usr/bin/make" "cmTC_e6b02/fast"
/usr/bin/make -f CMakeFiles/cmTC_e6b02.dir/build.make CMakeFiles/cmTC_e6b02.dir/build
make[1]: Entering directory '/home/german/CarND-Path-Planning-Project/src/Eigen-3.3/build_dir/CMakeFiles/CMakeTmp'
Building C object CMakeFiles/cmTC_e6b02.dir/CheckFunctionExists.c.o
/usr/bin/cc   -DCHECK_FUNCTION_EXISTS=pthread_create   -o CMakeFiles/cmTC_e6b02.dir/CheckFunctionExists.c.o   -c /usr/share/cmake-3.10/Modules/CheckFunctionExists.c
Linking C executable cmTC_e6b02
/usr/bin/cmake -E cmake_link_script CMakeFiles/cmTC_e6b02.dir/link.txt --verbose=1
/usr/bin/cc  -DCHECK_FUNCTION_EXISTS=pthread_create    -rdynamic CMakeFiles/cmTC_e6b02.dir/CheckFunctionExists.c.o  -o cmTC_e6b02 -lpthread 
make[1]: Leaving directory '/home/german/CarND-Path-Planning-Project/src/Eigen-3.3/build_dir/CMakeFiles/CMakeTmp'


